[debug] [2020-12-16T17:35:25.975Z] ----------------------------------------------------------------------
[debug] [2020-12-16T17:35:25.977Z] Command:       /usr/bin/node /usr/bin/firebase emulators:start
[debug] [2020-12-16T17:35:25.977Z] CLI Version:   9.0.0
[debug] [2020-12-16T17:35:25.977Z] Platform:      linux
[debug] [2020-12-16T17:35:25.978Z] Node Version:  v12.20.0
[debug] [2020-12-16T17:35:25.978Z] Time:          Wed Dec 16 2020 12:35:25 GMT-0500 (Eastern Standard Time)
[debug] [2020-12-16T17:35:25.978Z] ----------------------------------------------------------------------
[debug] [2020-12-16T17:35:25.979Z] 
[debug] [2020-12-16T17:35:25.991Z] > command requires scopes: ["email","openid","https://www.googleapis.com/auth/cloudplatformprojects.readonly","https://www.googleapis.com/auth/firebase","https://www.googleapis.com/auth/cloud-platform"]
[debug] [2020-12-16T17:35:25.991Z] > authorizing via signed-in user
[info] i  emulators: Starting emulators: functions, hosting {"metadata":{"emulator":{"name":"hub"},"message":"Starting emulators: functions, hosting"}}
[debug] [2020-12-16T17:35:26.012Z] [hub] writing locator at /tmp/hub-rent-a-car-b5d57.json
[warn] ⚠  functions: The following emulators are not running, calls to these services from the Functions emulator will affect production: auth, firestore, database, pubsub {"metadata":{"emulator":{"name":"functions"},"message":"The following emulators are not running, calls to these services from the Functions emulator will affect production: \u001b[1mauth, firestore, database, pubsub\u001b[22m"}}
[info] ✔  functions: Using node@12 from host. {"metadata":{"emulator":{"name":"functions"},"message":"Using node@12 from host."}}
[debug] [2020-12-16T17:35:26.076Z] defaultcredentials: writing to file /home/naguihw/.config/firebase/naguihw_gmail_com_application_default_credentials.json
[debug] [2020-12-16T17:35:26.103Z] Setting GAC to /home/naguihw/.config/firebase/naguihw_gmail_com_application_default_credentials.json {"metadata":{"emulator":{"name":"functions"},"message":"Setting GAC to /home/naguihw/.config/firebase/naguihw_gmail_com_application_default_credentials.json"}}
[debug] [2020-12-16T17:35:26.112Z] >>> HTTP REQUEST GET https://firebase.googleapis.com/v1beta1/projects/rent-a-car-b5d57/webApps/-/config  
 
[debug] [2020-12-16T17:35:26.813Z] <<< HTTP RESPONSE 200 {"content-type":"application/json; charset=UTF-8","vary":"X-Origin, Referer, Origin,Accept-Encoding","date":"Wed, 16 Dec 2020 17:35:27 GMT","server":"ESF","cache-control":"private","x-xss-protection":"0","x-frame-options":"SAMEORIGIN","x-content-type-options":"nosniff","alt-svc":"h3-29=\":443\"; ma=2592000,h3-T051=\":443\"; ma=2592000,h3-Q050=\":443\"; ma=2592000,h3-Q046=\":443\"; ma=2592000,h3-Q043=\":443\"; ma=2592000,quic=\":443\"; ma=2592000; v=\"46,43\"","accept-ranges":"none","transfer-encoding":"chunked"}
[info] i  hosting: Serving hosting files from: build {"metadata":{"emulator":{"name":"hosting"},"message":"Serving hosting files from: \u001b[1mbuild\u001b[22m"}}
[info] ✔  hosting: Local server: http://127.0.0.1:5000 {"metadata":{"emulator":{"name":"hosting"},"message":"Local server: \u001b[4m\u001b[1mhttp://127.0.0.1:5000\u001b[22m\u001b[24m"}}
[debug] [2020-12-16T17:35:26.853Z] Ignoring unsupported arg: auto_download {"metadata":{"emulator":{"name":"ui"},"message":"Ignoring unsupported arg: auto_download"}}
[debug] [2020-12-16T17:35:26.853Z] Ignoring unsupported arg: port {"metadata":{"emulator":{"name":"ui"},"message":"Ignoring unsupported arg: port"}}
[debug] [2020-12-16T17:35:26.853Z] Starting Emulator UI with command {"binary":"node","args":["/home/naguihw/.cache/firebase/emulators/ui-v1.4.0/server.bundle.js"],"optionalArgs":[],"joinArgs":false} {"metadata":{"emulator":{"name":"ui"},"message":"Starting Emulator UI with command {\"binary\":\"node\",\"args\":[\"/home/naguihw/.cache/firebase/emulators/ui-v1.4.0/server.bundle.js\"],\"optionalArgs\":[],\"joinArgs\":false}"}}
[info] i  ui: Emulator UI logging to ui-debug.log {"metadata":{"emulator":{"name":"ui"},"message":"Emulator UI logging to \u001b[1mui-debug.log\u001b[22m"}}
[debug] [2020-12-16T17:35:26.980Z] Web / API server started at http://127.0.0.1:4000
 {"metadata":{"emulator":{"name":"ui"},"message":"Web / API server started at http://127.0.0.1:4000\n"}}
[info] i  functions: Watching "/mnt/c/Users/NaguiHW/Desktop/myProjects/rent-a-car/functions" for Cloud Functions... {"metadata":{"emulator":{"name":"functions"},"message":"Watching \"/mnt/c/Users/NaguiHW/Desktop/myProjects/rent-a-car/functions\" for Cloud Functions..."}}
[debug] [2020-12-16T17:35:27.211Z] [worker-pool] addWorker(~diagnostic~) {"metadata":{"emulator":{"name":"functions"},"message":"[worker-pool] addWorker(~diagnostic~)"}}
[debug] [2020-12-16T17:35:27.212Z] [worker-pool] Adding worker with key ~diagnostic~, total=1 {"metadata":{"emulator":{"name":"functions"},"message":"[worker-pool] Adding worker with key ~diagnostic~, total=1"}}
[debug] [2020-12-16T17:35:27.213Z] [worker-pool] submitWork(triggerId=) {"metadata":{"emulator":{"name":"functions"},"message":"[worker-pool] submitWork(triggerId=)"}}
[debug] [2020-12-16T17:35:27.213Z] [worker-~diagnostic~-0454a477-0e62-4a65-b203-628a78b76d74]: Assigning socketPath: /tmp/fire_emu_16078.sock {"metadata":{"emulator":{"name":"functions"},"message":"[worker-~diagnostic~-0454a477-0e62-4a65-b203-628a78b76d74]: Assigning socketPath: /tmp/fire_emu_16078.sock"}}
[debug] [2020-12-16T17:35:27.214Z] [worker-~diagnostic~-0454a477-0e62-4a65-b203-628a78b76d74]: BUSY {"metadata":{"emulator":{"name":"functions"},"message":"[worker-~diagnostic~-0454a477-0e62-4a65-b203-628a78b76d74]: BUSY"}}
[debug] [2020-12-16T17:35:27.445Z] [runtime-status] [16078] Functions runtime initialized. {"cwd":"/mnt/c/Users/NaguiHW/Desktop/myProjects/rent-a-car/functions","node_version":"12.20.0"} {"metadata":{"emulator":{"name":"functions"},"message":"[runtime-status] [16078] Functions runtime initialized. {\"cwd\":\"/mnt/c/Users/NaguiHW/Desktop/myProjects/rent-a-car/functions\",\"node_version\":\"12.20.0\"}"}}
[debug] [2020-12-16T17:35:27.446Z] [runtime-status] [16078] Disabled runtime features: undefined {"metadata":{"emulator":{"name":"functions"},"message":"[runtime-status] [16078] Disabled runtime features: undefined"}}
[debug] [2020-12-16T17:35:27.450Z] [runtime-status] [16078] Resolved module firebase-admin {"declared":true,"installed":true,"version":"9.4.2","resolution":"/mnt/c/Users/NaguiHW/Desktop/myProjects/rent-a-car/functions/node_modules/firebase-admin/lib/index.js"} {"metadata":{"emulator":{"name":"functions"},"message":"[runtime-status] [16078] Resolved module firebase-admin {\"declared\":true,\"installed\":true,\"version\":\"9.4.2\",\"resolution\":\"/mnt/c/Users/NaguiHW/Desktop/myProjects/rent-a-car/functions/node_modules/firebase-admin/lib/index.js\"}"}}
[debug] [2020-12-16T17:35:27.453Z] [runtime-status] [16078] Resolved module firebase-functions {"declared":true,"installed":true,"version":"3.13.0","resolution":"/mnt/c/Users/NaguiHW/Desktop/myProjects/rent-a-car/functions/node_modules/firebase-functions/lib/index.js"} {"metadata":{"emulator":{"name":"functions"},"message":"[runtime-status] [16078] Resolved module firebase-functions {\"declared\":true,\"installed\":true,\"version\":\"3.13.0\",\"resolution\":\"/mnt/c/Users/NaguiHW/Desktop/myProjects/rent-a-car/functions/node_modules/firebase-functions/lib/index.js\"}"}}
[debug] [2020-12-16T17:35:27.454Z] [runtime-status] [16078] Resolved module firebase-functions {"declared":true,"installed":true,"version":"3.13.0","resolution":"/mnt/c/Users/NaguiHW/Desktop/myProjects/rent-a-car/functions/node_modules/firebase-functions/lib/index.js"} {"metadata":{"emulator":{"name":"functions"},"message":"[runtime-status] [16078] Resolved module firebase-functions {\"declared\":true,\"installed\":true,\"version\":\"3.13.0\",\"resolution\":\"/mnt/c/Users/NaguiHW/Desktop/myProjects/rent-a-car/functions/node_modules/firebase-functions/lib/index.js\"}"}}
[debug] [2020-12-16T17:35:27.456Z] [runtime-status] [16078] Outgoing network have been stubbed. [{"name":"http","status":"mocked"},{"name":"http","status":"mocked"},{"name":"https","status":"mocked"},{"name":"https","status":"mocked"},{"name":"net","status":"mocked"}] {"metadata":{"emulator":{"name":"functions"},"message":"[runtime-status] [16078] Outgoing network have been stubbed. [{\"name\":\"http\",\"status\":\"mocked\"},{\"name\":\"http\",\"status\":\"mocked\"},{\"name\":\"https\",\"status\":\"mocked\"},{\"name\":\"https\",\"status\":\"mocked\"},{\"name\":\"net\",\"status\":\"mocked\"}]"}}
[debug] [2020-12-16T17:35:27.457Z] [runtime-status] [16078] Resolved module firebase-functions {"declared":true,"installed":true,"version":"3.13.0","resolution":"/mnt/c/Users/NaguiHW/Desktop/myProjects/rent-a-car/functions/node_modules/firebase-functions/lib/index.js"} {"metadata":{"emulator":{"name":"functions"},"message":"[runtime-status] [16078] Resolved module firebase-functions {\"declared\":true,\"installed\":true,\"version\":\"3.13.0\",\"resolution\":\"/mnt/c/Users/NaguiHW/Desktop/myProjects/rent-a-car/functions/node_modules/firebase-functions/lib/index.js\"}"}}
[debug] [2020-12-16T17:35:27.526Z] [runtime-status] [16078] Checked functions.config() {"config":{}} {"metadata":{"emulator":{"name":"functions"},"message":"[runtime-status] [16078] Checked functions.config() {\"config\":{}}"}}
[debug] [2020-12-16T17:35:27.527Z] [runtime-status] [16078] firebase-functions has been stubbed. {"functionsResolution":{"declared":true,"installed":true,"version":"3.13.0","resolution":"/mnt/c/Users/NaguiHW/Desktop/myProjects/rent-a-car/functions/node_modules/firebase-functions/lib/index.js"}} {"metadata":{"emulator":{"name":"functions"},"message":"[runtime-status] [16078] firebase-functions has been stubbed. {\"functionsResolution\":{\"declared\":true,\"installed\":true,\"version\":\"3.13.0\",\"resolution\":\"/mnt/c/Users/NaguiHW/Desktop/myProjects/rent-a-car/functions/node_modules/firebase-functions/lib/index.js\"}}"}}
[debug] [2020-12-16T17:35:27.528Z] [runtime-status] [16078] Resolved module firebase-functions {"declared":true,"installed":true,"version":"3.13.0","resolution":"/mnt/c/Users/NaguiHW/Desktop/myProjects/rent-a-car/functions/node_modules/firebase-functions/lib/index.js"} {"metadata":{"emulator":{"name":"functions"},"message":"[runtime-status] [16078] Resolved module firebase-functions {\"declared\":true,\"installed\":true,\"version\":\"3.13.0\",\"resolution\":\"/mnt/c/Users/NaguiHW/Desktop/myProjects/rent-a-car/functions/node_modules/firebase-functions/lib/index.js\"}"}}
[debug] [2020-12-16T17:35:27.529Z] [runtime-status] [16078] Resolved module firebase-admin {"declared":true,"installed":true,"version":"9.4.2","resolution":"/mnt/c/Users/NaguiHW/Desktop/myProjects/rent-a-car/functions/node_modules/firebase-admin/lib/index.js"} {"metadata":{"emulator":{"name":"functions"},"message":"[runtime-status] [16078] Resolved module firebase-admin {\"declared\":true,\"installed\":true,\"version\":\"9.4.2\",\"resolution\":\"/mnt/c/Users/NaguiHW/Desktop/myProjects/rent-a-car/functions/node_modules/firebase-admin/lib/index.js\"}"}}
[debug] [2020-12-16T17:35:27.530Z] [runtime-status] [16078] Resolved module firebase-functions {"declared":true,"installed":true,"version":"3.13.0","resolution":"/mnt/c/Users/NaguiHW/Desktop/myProjects/rent-a-car/functions/node_modules/firebase-functions/lib/index.js"} {"metadata":{"emulator":{"name":"functions"},"message":"[runtime-status] [16078] Resolved module firebase-functions {\"declared\":true,\"installed\":true,\"version\":\"3.13.0\",\"resolution\":\"/mnt/c/Users/NaguiHW/Desktop/myProjects/rent-a-car/functions/node_modules/firebase-functions/lib/index.js\"}"}}
[debug] [2020-12-16T17:35:27.530Z] [runtime-status] [16078] firebase-admin has been stubbed. {"adminResolution":{"declared":true,"installed":true,"version":"9.4.2","resolution":"/mnt/c/Users/NaguiHW/Desktop/myProjects/rent-a-car/functions/node_modules/firebase-admin/lib/index.js"}} {"metadata":{"emulator":{"name":"functions"},"message":"[runtime-status] [16078] firebase-admin has been stubbed. {\"adminResolution\":{\"declared\":true,\"installed\":true,\"version\":\"9.4.2\",\"resolution\":\"/mnt/c/Users/NaguiHW/Desktop/myProjects/rent-a-car/functions/node_modules/firebase-admin/lib/index.js\"}}"}}
[warn] ⚠  /mnt/c/Users/NaguiHW/Desktop/myProjects/rent-a-car/functions/firebase.js:17
export { db, auth };
^^^^^^

SyntaxError: Unexpected token 'export'
    at wrapSafe (internal/modules/cjs/loader.js:915:16)
    at Module._compile (internal/modules/cjs/loader.js:963:27)
    at Object.Module._extensions..js (internal/modules/cjs/loader.js:1027:10)
    at Module.load (internal/modules/cjs/loader.js:863:32)
    at Function.Module._load (internal/modules/cjs/loader.js:708:14)
    at Module.require (internal/modules/cjs/loader.js:887:19)
    at require (internal/modules/cjs/helpers.js:74:18)
    at Object.<anonymous> (/mnt/c/Users/NaguiHW/Desktop/myProjects/rent-a-car/functions/index.js:5:16)
    at Module._compile (internal/modules/cjs/loader.js:999:30)
    at Object.Module._extensions..js (internal/modules/cjs/loader.js:1027:10) {"metadata":{"emulator":{"name":"functions"},"message":"/mnt/c/Users/NaguiHW/Desktop/myProjects/rent-a-car/functions/firebase.js:17\nexport { db, auth };\n^^^^^^\n\nSyntaxError: Unexpected token 'export'\n    at wrapSafe (internal/modules/cjs/loader.js:915:16)\n    at Module._compile (internal/modules/cjs/loader.js:963:27)\n    at Object.Module._extensions..js (internal/modules/cjs/loader.js:1027:10)\n    at Module.load (internal/modules/cjs/loader.js:863:32)\n    at Function.Module._load (internal/modules/cjs/loader.js:708:14)\n    at Module.require (internal/modules/cjs/loader.js:887:19)\n    at require (internal/modules/cjs/helpers.js:74:18)\n    at Object.<anonymous> (/mnt/c/Users/NaguiHW/Desktop/myProjects/rent-a-car/functions/index.js:5:16)\n    at Module._compile (internal/modules/cjs/loader.js:999:30)\n    at Object.Module._extensions..js (internal/modules/cjs/loader.js:1027:10)"}}
[warn] ⚠  We were unable to load your functions code. (see above) {"metadata":{"emulator":{"name":"functions"}}}
[debug] [2020-12-16T17:35:27.737Z] [worker-~diagnostic~-0454a477-0e62-4a65-b203-628a78b76d74]: exited {"metadata":{"emulator":{"name":"functions"},"message":"[worker-~diagnostic~-0454a477-0e62-4a65-b203-628a78b76d74]: exited"}}
[debug] [2020-12-16T17:35:27.737Z] [worker-~diagnostic~-0454a477-0e62-4a65-b203-628a78b76d74]: FINISHED {"metadata":{"emulator":{"name":"functions"},"message":"[worker-~diagnostic~-0454a477-0e62-4a65-b203-628a78b76d74]: FINISHED"}}
[debug] [2020-12-16T17:36:46.911Z] File /mnt/c/Users/NaguiHW/Desktop/myProjects/rent-a-car/functions/firebase.js changed, reloading triggers {"metadata":{"emulator":{"name":"functions"},"message":"File /mnt/c/Users/NaguiHW/Desktop/myProjects/rent-a-car/functions/firebase.js changed, reloading triggers"}}
[debug] [2020-12-16T17:36:47.912Z] [worker-pool] Cleaned up workers for ~diagnostic~: 1 --> 0 {"metadata":{"emulator":{"name":"functions"},"message":"[worker-pool] Cleaned up workers for ~diagnostic~: 1 --> 0"}}
[debug] [2020-12-16T17:36:47.941Z] [worker-pool] addWorker(~diagnostic~) {"metadata":{"emulator":{"name":"functions"},"message":"[worker-pool] addWorker(~diagnostic~)"}}
[debug] [2020-12-16T17:36:47.941Z] [worker-pool] Adding worker with key ~diagnostic~, total=1 {"metadata":{"emulator":{"name":"functions"},"message":"[worker-pool] Adding worker with key ~diagnostic~, total=1"}}
[debug] [2020-12-16T17:36:47.941Z] [worker-pool] submitWork(triggerId=) {"metadata":{"emulator":{"name":"functions"},"message":"[worker-pool] submitWork(triggerId=)"}}
[debug] [2020-12-16T17:36:47.941Z] [worker-~diagnostic~-65c154b1-fb2e-4d4b-a894-986ea55e457b]: Assigning socketPath: /tmp/fire_emu_16247.sock {"metadata":{"emulator":{"name":"functions"},"message":"[worker-~diagnostic~-65c154b1-fb2e-4d4b-a894-986ea55e457b]: Assigning socketPath: /tmp/fire_emu_16247.sock"}}
[debug] [2020-12-16T17:36:47.941Z] [worker-~diagnostic~-65c154b1-fb2e-4d4b-a894-986ea55e457b]: BUSY {"metadata":{"emulator":{"name":"functions"},"message":"[worker-~diagnostic~-65c154b1-fb2e-4d4b-a894-986ea55e457b]: BUSY"}}
[debug] [2020-12-16T17:36:48.173Z] [runtime-status] [16247] Functions runtime initialized. {"cwd":"/mnt/c/Users/NaguiHW/Desktop/myProjects/rent-a-car/functions","node_version":"12.20.0"} {"metadata":{"emulator":{"name":"functions"},"message":"[runtime-status] [16247] Functions runtime initialized. {\"cwd\":\"/mnt/c/Users/NaguiHW/Desktop/myProjects/rent-a-car/functions\",\"node_version\":\"12.20.0\"}"}}
[debug] [2020-12-16T17:36:48.174Z] [runtime-status] [16247] Disabled runtime features: undefined {"metadata":{"emulator":{"name":"functions"},"message":"[runtime-status] [16247] Disabled runtime features: undefined"}}
[debug] [2020-12-16T17:36:48.178Z] [runtime-status] [16247] Resolved module firebase-admin {"declared":true,"installed":true,"version":"9.4.2","resolution":"/mnt/c/Users/NaguiHW/Desktop/myProjects/rent-a-car/functions/node_modules/firebase-admin/lib/index.js"} {"metadata":{"emulator":{"name":"functions"},"message":"[runtime-status] [16247] Resolved module firebase-admin {\"declared\":true,\"installed\":true,\"version\":\"9.4.2\",\"resolution\":\"/mnt/c/Users/NaguiHW/Desktop/myProjects/rent-a-car/functions/node_modules/firebase-admin/lib/index.js\"}"}}
[debug] [2020-12-16T17:36:48.180Z] [runtime-status] [16247] Resolved module firebase-functions {"declared":true,"installed":true,"version":"3.13.0","resolution":"/mnt/c/Users/NaguiHW/Desktop/myProjects/rent-a-car/functions/node_modules/firebase-functions/lib/index.js"} {"metadata":{"emulator":{"name":"functions"},"message":"[runtime-status] [16247] Resolved module firebase-functions {\"declared\":true,\"installed\":true,\"version\":\"3.13.0\",\"resolution\":\"/mnt/c/Users/NaguiHW/Desktop/myProjects/rent-a-car/functions/node_modules/firebase-functions/lib/index.js\"}"}}
[debug] [2020-12-16T17:36:48.182Z] [runtime-status] [16247] Resolved module firebase-functions {"declared":true,"installed":true,"version":"3.13.0","resolution":"/mnt/c/Users/NaguiHW/Desktop/myProjects/rent-a-car/functions/node_modules/firebase-functions/lib/index.js"} {"metadata":{"emulator":{"name":"functions"},"message":"[runtime-status] [16247] Resolved module firebase-functions {\"declared\":true,\"installed\":true,\"version\":\"3.13.0\",\"resolution\":\"/mnt/c/Users/NaguiHW/Desktop/myProjects/rent-a-car/functions/node_modules/firebase-functions/lib/index.js\"}"}}
[debug] [2020-12-16T17:36:48.183Z] [runtime-status] [16247] Outgoing network have been stubbed. [{"name":"http","status":"mocked"},{"name":"http","status":"mocked"},{"name":"https","status":"mocked"},{"name":"https","status":"mocked"},{"name":"net","status":"mocked"}] {"metadata":{"emulator":{"name":"functions"},"message":"[runtime-status] [16247] Outgoing network have been stubbed. [{\"name\":\"http\",\"status\":\"mocked\"},{\"name\":\"http\",\"status\":\"mocked\"},{\"name\":\"https\",\"status\":\"mocked\"},{\"name\":\"https\",\"status\":\"mocked\"},{\"name\":\"net\",\"status\":\"mocked\"}]"}}
[debug] [2020-12-16T17:36:48.184Z] [runtime-status] [16247] Resolved module firebase-functions {"declared":true,"installed":true,"version":"3.13.0","resolution":"/mnt/c/Users/NaguiHW/Desktop/myProjects/rent-a-car/functions/node_modules/firebase-functions/lib/index.js"} {"metadata":{"emulator":{"name":"functions"},"message":"[runtime-status] [16247] Resolved module firebase-functions {\"declared\":true,\"installed\":true,\"version\":\"3.13.0\",\"resolution\":\"/mnt/c/Users/NaguiHW/Desktop/myProjects/rent-a-car/functions/node_modules/firebase-functions/lib/index.js\"}"}}
[debug] [2020-12-16T17:36:48.247Z] [runtime-status] [16247] Checked functions.config() {"config":{}} {"metadata":{"emulator":{"name":"functions"},"message":"[runtime-status] [16247] Checked functions.config() {\"config\":{}}"}}
[debug] [2020-12-16T17:36:48.247Z] [runtime-status] [16247] firebase-functions has been stubbed. {"functionsResolution":{"declared":true,"installed":true,"version":"3.13.0","resolution":"/mnt/c/Users/NaguiHW/Desktop/myProjects/rent-a-car/functions/node_modules/firebase-functions/lib/index.js"}} {"metadata":{"emulator":{"name":"functions"},"message":"[runtime-status] [16247] firebase-functions has been stubbed. {\"functionsResolution\":{\"declared\":true,\"installed\":true,\"version\":\"3.13.0\",\"resolution\":\"/mnt/c/Users/NaguiHW/Desktop/myProjects/rent-a-car/functions/node_modules/firebase-functions/lib/index.js\"}}"}}
[debug] [2020-12-16T17:36:48.248Z] [runtime-status] [16247] Resolved module firebase-functions {"declared":true,"installed":true,"version":"3.13.0","resolution":"/mnt/c/Users/NaguiHW/Desktop/myProjects/rent-a-car/functions/node_modules/firebase-functions/lib/index.js"} {"metadata":{"emulator":{"name":"functions"},"message":"[runtime-status] [16247] Resolved module firebase-functions {\"declared\":true,\"installed\":true,\"version\":\"3.13.0\",\"resolution\":\"/mnt/c/Users/NaguiHW/Desktop/myProjects/rent-a-car/functions/node_modules/firebase-functions/lib/index.js\"}"}}
[debug] [2020-12-16T17:36:48.249Z] [runtime-status] [16247] Resolved module firebase-admin {"declared":true,"installed":true,"version":"9.4.2","resolution":"/mnt/c/Users/NaguiHW/Desktop/myProjects/rent-a-car/functions/node_modules/firebase-admin/lib/index.js"} {"metadata":{"emulator":{"name":"functions"},"message":"[runtime-status] [16247] Resolved module firebase-admin {\"declared\":true,\"installed\":true,\"version\":\"9.4.2\",\"resolution\":\"/mnt/c/Users/NaguiHW/Desktop/myProjects/rent-a-car/functions/node_modules/firebase-admin/lib/index.js\"}"}}
[debug] [2020-12-16T17:36:48.250Z] [runtime-status] [16247] Resolved module firebase-functions {"declared":true,"installed":true,"version":"3.13.0","resolution":"/mnt/c/Users/NaguiHW/Desktop/myProjects/rent-a-car/functions/node_modules/firebase-functions/lib/index.js"} {"metadata":{"emulator":{"name":"functions"},"message":"[runtime-status] [16247] Resolved module firebase-functions {\"declared\":true,\"installed\":true,\"version\":\"3.13.0\",\"resolution\":\"/mnt/c/Users/NaguiHW/Desktop/myProjects/rent-a-car/functions/node_modules/firebase-functions/lib/index.js\"}"}}
[debug] [2020-12-16T17:36:48.250Z] [runtime-status] [16247] firebase-admin has been stubbed. {"adminResolution":{"declared":true,"installed":true,"version":"9.4.2","resolution":"/mnt/c/Users/NaguiHW/Desktop/myProjects/rent-a-car/functions/node_modules/firebase-admin/lib/index.js"}} {"metadata":{"emulator":{"name":"functions"},"message":"[runtime-status] [16247] firebase-admin has been stubbed. {\"adminResolution\":{\"declared\":true,\"installed\":true,\"version\":\"9.4.2\",\"resolution\":\"/mnt/c/Users/NaguiHW/Desktop/myProjects/rent-a-car/functions/node_modules/firebase-admin/lib/index.js\"}}"}}
[info] ✔  functions[api]: http function initialized (http://127.0.0.1:5001/rent-a-car-b5d57/us-central1/api). {"metadata":{"emulator":{"name":"functions"},"message":"\u001b[1mhttp\u001b[22m function initialized (http://127.0.0.1:5001/rent-a-car-b5d57/us-central1/api)."}}
[debug] [2020-12-16T17:36:48.732Z] [worker-~diagnostic~-65c154b1-fb2e-4d4b-a894-986ea55e457b]: IDLE {"metadata":{"emulator":{"name":"functions"},"message":"[worker-~diagnostic~-65c154b1-fb2e-4d4b-a894-986ea55e457b]: IDLE"}}
[debug] [2020-12-16T17:36:55.185Z] [work-queue] {"queueLength":1,"workRunningCount":0}
[debug] [2020-12-16T17:36:55.185Z] [work-queue] {"queueLength":0,"workRunningCount":1}
[debug] [2020-12-16T17:36:55.186Z] Accepted request GET /rent-a-car-b5d57/us-central1/api --> api
[debug] [2020-12-16T17:36:55.208Z] [worker-pool] addWorker(api) {"metadata":{"emulator":{"name":"functions"},"message":"[worker-pool] addWorker(api)"}}
[debug] [2020-12-16T17:36:55.208Z] [worker-pool] Adding worker with key api, total=1 {"metadata":{"emulator":{"name":"functions"},"message":"[worker-pool] Adding worker with key api, total=1"}}
[debug] [2020-12-16T17:36:55.208Z] [worker-pool] submitWork(triggerId=api) {"metadata":{"emulator":{"name":"functions"},"message":"[worker-pool] submitWork(triggerId=api)"}}
[debug] [2020-12-16T17:36:55.208Z] [worker-api-054ef6bb-294e-43e6-8f8b-6913488e3dc9]: Assigning socketPath: /tmp/fire_emu_16266.sock {"metadata":{"emulator":{"name":"functions"},"message":"[worker-api-054ef6bb-294e-43e6-8f8b-6913488e3dc9]: Assigning socketPath: /tmp/fire_emu_16266.sock"}}
[debug] [2020-12-16T17:36:55.209Z] [worker-api-054ef6bb-294e-43e6-8f8b-6913488e3dc9]: BUSY {"metadata":{"emulator":{"name":"functions"},"message":"[worker-api-054ef6bb-294e-43e6-8f8b-6913488e3dc9]: BUSY"}}
[debug] [2020-12-16T17:36:55.468Z] [runtime-status] [16266] Functions runtime initialized. {"cwd":"/mnt/c/Users/NaguiHW/Desktop/myProjects/rent-a-car/functions","node_version":"12.20.0"} {"metadata":{"emulator":{"name":"functions"},"function":{"name":"api"},"message":"[runtime-status] [16266] Functions runtime initialized. {\"cwd\":\"/mnt/c/Users/NaguiHW/Desktop/myProjects/rent-a-car/functions\",\"node_version\":\"12.20.0\"}"}}
[debug] [2020-12-16T17:36:55.469Z] [runtime-status] [16266] Disabled runtime features: undefined {"metadata":{"emulator":{"name":"functions"},"function":{"name":"api"},"message":"[runtime-status] [16266] Disabled runtime features: undefined"}}
[debug] [2020-12-16T17:36:55.473Z] [runtime-status] [16266] Resolved module firebase-admin {"declared":true,"installed":true,"version":"9.4.2","resolution":"/mnt/c/Users/NaguiHW/Desktop/myProjects/rent-a-car/functions/node_modules/firebase-admin/lib/index.js"} {"metadata":{"emulator":{"name":"functions"},"function":{"name":"api"},"message":"[runtime-status] [16266] Resolved module firebase-admin {\"declared\":true,\"installed\":true,\"version\":\"9.4.2\",\"resolution\":\"/mnt/c/Users/NaguiHW/Desktop/myProjects/rent-a-car/functions/node_modules/firebase-admin/lib/index.js\"}"}}
[debug] [2020-12-16T17:36:55.476Z] [runtime-status] [16266] Resolved module firebase-functions {"declared":true,"installed":true,"version":"3.13.0","resolution":"/mnt/c/Users/NaguiHW/Desktop/myProjects/rent-a-car/functions/node_modules/firebase-functions/lib/index.js"} {"metadata":{"emulator":{"name":"functions"},"function":{"name":"api"},"message":"[runtime-status] [16266] Resolved module firebase-functions {\"declared\":true,\"installed\":true,\"version\":\"3.13.0\",\"resolution\":\"/mnt/c/Users/NaguiHW/Desktop/myProjects/rent-a-car/functions/node_modules/firebase-functions/lib/index.js\"}"}}
[debug] [2020-12-16T17:36:55.477Z] [runtime-status] [16266] Resolved module firebase-functions {"declared":true,"installed":true,"version":"3.13.0","resolution":"/mnt/c/Users/NaguiHW/Desktop/myProjects/rent-a-car/functions/node_modules/firebase-functions/lib/index.js"} {"metadata":{"emulator":{"name":"functions"},"function":{"name":"api"},"message":"[runtime-status] [16266] Resolved module firebase-functions {\"declared\":true,\"installed\":true,\"version\":\"3.13.0\",\"resolution\":\"/mnt/c/Users/NaguiHW/Desktop/myProjects/rent-a-car/functions/node_modules/firebase-functions/lib/index.js\"}"}}
[debug] [2020-12-16T17:36:55.480Z] [runtime-status] [16266] Outgoing network have been stubbed. [{"name":"http","status":"mocked"},{"name":"http","status":"mocked"},{"name":"https","status":"mocked"},{"name":"https","status":"mocked"},{"name":"net","status":"mocked"}] {"metadata":{"emulator":{"name":"functions"},"function":{"name":"api"},"message":"[runtime-status] [16266] Outgoing network have been stubbed. [{\"name\":\"http\",\"status\":\"mocked\"},{\"name\":\"http\",\"status\":\"mocked\"},{\"name\":\"https\",\"status\":\"mocked\"},{\"name\":\"https\",\"status\":\"mocked\"},{\"name\":\"net\",\"status\":\"mocked\"}]"}}
[debug] [2020-12-16T17:36:55.481Z] [runtime-status] [16266] Resolved module firebase-functions {"declared":true,"installed":true,"version":"3.13.0","resolution":"/mnt/c/Users/NaguiHW/Desktop/myProjects/rent-a-car/functions/node_modules/firebase-functions/lib/index.js"} {"metadata":{"emulator":{"name":"functions"},"function":{"name":"api"},"message":"[runtime-status] [16266] Resolved module firebase-functions {\"declared\":true,\"installed\":true,\"version\":\"3.13.0\",\"resolution\":\"/mnt/c/Users/NaguiHW/Desktop/myProjects/rent-a-car/functions/node_modules/firebase-functions/lib/index.js\"}"}}
[debug] [2020-12-16T17:36:55.548Z] [runtime-status] [16266] Checked functions.config() {"config":{}} {"metadata":{"emulator":{"name":"functions"},"function":{"name":"api"},"message":"[runtime-status] [16266] Checked functions.config() {\"config\":{}}"}}
[debug] [2020-12-16T17:36:55.549Z] [runtime-status] [16266] firebase-functions has been stubbed. {"functionsResolution":{"declared":true,"installed":true,"version":"3.13.0","resolution":"/mnt/c/Users/NaguiHW/Desktop/myProjects/rent-a-car/functions/node_modules/firebase-functions/lib/index.js"}} {"metadata":{"emulator":{"name":"functions"},"function":{"name":"api"},"message":"[runtime-status] [16266] firebase-functions has been stubbed. {\"functionsResolution\":{\"declared\":true,\"installed\":true,\"version\":\"3.13.0\",\"resolution\":\"/mnt/c/Users/NaguiHW/Desktop/myProjects/rent-a-car/functions/node_modules/firebase-functions/lib/index.js\"}}"}}
[debug] [2020-12-16T17:36:55.549Z] [runtime-status] [16266] Resolved module firebase-functions {"declared":true,"installed":true,"version":"3.13.0","resolution":"/mnt/c/Users/NaguiHW/Desktop/myProjects/rent-a-car/functions/node_modules/firebase-functions/lib/index.js"} {"metadata":{"emulator":{"name":"functions"},"function":{"name":"api"},"message":"[runtime-status] [16266] Resolved module firebase-functions {\"declared\":true,\"installed\":true,\"version\":\"3.13.0\",\"resolution\":\"/mnt/c/Users/NaguiHW/Desktop/myProjects/rent-a-car/functions/node_modules/firebase-functions/lib/index.js\"}"}}
[debug] [2020-12-16T17:36:55.551Z] [runtime-status] [16266] Resolved module firebase-admin {"declared":true,"installed":true,"version":"9.4.2","resolution":"/mnt/c/Users/NaguiHW/Desktop/myProjects/rent-a-car/functions/node_modules/firebase-admin/lib/index.js"} {"metadata":{"emulator":{"name":"functions"},"function":{"name":"api"},"message":"[runtime-status] [16266] Resolved module firebase-admin {\"declared\":true,\"installed\":true,\"version\":\"9.4.2\",\"resolution\":\"/mnt/c/Users/NaguiHW/Desktop/myProjects/rent-a-car/functions/node_modules/firebase-admin/lib/index.js\"}"}}
[debug] [2020-12-16T17:36:55.552Z] [runtime-status] [16266] Resolved module firebase-functions {"declared":true,"installed":true,"version":"3.13.0","resolution":"/mnt/c/Users/NaguiHW/Desktop/myProjects/rent-a-car/functions/node_modules/firebase-functions/lib/index.js"} {"metadata":{"emulator":{"name":"functions"},"function":{"name":"api"},"message":"[runtime-status] [16266] Resolved module firebase-functions {\"declared\":true,\"installed\":true,\"version\":\"3.13.0\",\"resolution\":\"/mnt/c/Users/NaguiHW/Desktop/myProjects/rent-a-car/functions/node_modules/firebase-functions/lib/index.js\"}"}}
[debug] [2020-12-16T17:36:55.552Z] [runtime-status] [16266] firebase-admin has been stubbed. {"adminResolution":{"declared":true,"installed":true,"version":"9.4.2","resolution":"/mnt/c/Users/NaguiHW/Desktop/myProjects/rent-a-car/functions/node_modules/firebase-admin/lib/index.js"}} {"metadata":{"emulator":{"name":"functions"},"function":{"name":"api"},"message":"[runtime-status] [16266] firebase-admin has been stubbed. {\"adminResolution\":{\"declared\":true,\"installed\":true,\"version\":\"9.4.2\",\"resolution\":\"/mnt/c/Users/NaguiHW/Desktop/myProjects/rent-a-car/functions/node_modules/firebase-admin/lib/index.js\"}}"}}
[debug] [2020-12-16T17:36:56.004Z] [runtime-status] [16266] Trigger "api" has been found, beginning invocation! {"metadata":{"emulator":{"name":"functions"},"function":{"name":"api"},"message":"[runtime-status] [16266] Trigger \"api\" has been found, beginning invocation!"}}
[info] i  functions: Beginning execution of "api" {"metadata":{"emulator":{"name":"functions"},"function":{"name":"api"},"message":"Beginning execution of \"api\""}}
[debug] [2020-12-16T17:36:56.009Z] [runtime-status] [16266] triggerDefinition {"httpsTrigger":{},"name":"api","entryPoint":"api"} {"metadata":{"emulator":{"name":"functions"},"function":{"name":"api"},"message":"[runtime-status] [16266] triggerDefinition {\"httpsTrigger\":{},\"name\":\"api\",\"entryPoint\":\"api\"}"}}
[debug] [2020-12-16T17:36:56.009Z] [runtime-status] [16266] Running api in mode HTTPS {"metadata":{"emulator":{"name":"functions"},"function":{"name":"api"},"message":"[runtime-status] [16266] Running api in mode HTTPS"}}
[debug] [2020-12-16T17:36:56.017Z] [runtime-status] [16266] Attempting to listen to socketPath: /tmp/fire_emu_16266.sock {"metadata":{"emulator":{"name":"functions"},"function":{"name":"api"},"message":"[runtime-status] [16266] Attempting to listen to socketPath: /tmp/fire_emu_16266.sock"}}
[debug] [2020-12-16T17:36:56.023Z] [functions] Runtime ready! Sending request! {"metadata":{"emulator":{"name":"functions"},"message":"[functions] Runtime ready! Sending request!"}}
[debug] [2020-12-16T17:36:56.033Z] [runtime-status] [16266] Ephemeral server handling GET request {"metadata":{"emulator":{"name":"functions"},"function":{"name":"api"},"message":"[runtime-status] [16266] Ephemeral server handling GET request"}}
[debug] [2020-12-16T17:36:56.049Z] [runtime-status] [16266] Ephemeral server survived. {"metadata":{"emulator":{"name":"functions"},"function":{"name":"api"},"message":"[runtime-status] [16266] Ephemeral server survived."}}
[info] i  functions: Finished "api" in ~1s {"metadata":{"emulator":{"name":"functions"},"function":{"name":"api"},"message":"Finished \"api\" in ~1s"}}
[debug] [2020-12-16T17:36:56.077Z] [worker-api-054ef6bb-294e-43e6-8f8b-6913488e3dc9]: IDLE {"metadata":{"emulator":{"name":"functions"},"message":"[worker-api-054ef6bb-294e-43e6-8f8b-6913488e3dc9]: IDLE"}}
[debug] [2020-12-16T17:36:56.077Z] [work-queue] {"queueLength":0,"workRunningCount":0}
[debug] [2020-12-16T17:37:00.788Z] [work-queue] {"queueLength":1,"workRunningCount":0}
[debug] [2020-12-16T17:37:00.788Z] [work-queue] {"queueLength":0,"workRunningCount":1}
[debug] [2020-12-16T17:37:00.789Z] Accepted request GET /rent-a-car-b5d57/us-central1/api --> api
[debug] [2020-12-16T17:37:00.789Z] [worker-pool] submitWork(triggerId=api) {"metadata":{"emulator":{"name":"functions"},"message":"[worker-pool] submitWork(triggerId=api)"}}
[debug] [2020-12-16T17:37:00.789Z] [worker-api-054ef6bb-294e-43e6-8f8b-6913488e3dc9]: Assigning socketPath: /tmp/fire_emu_16266.sock {"metadata":{"emulator":{"name":"functions"},"message":"[worker-api-054ef6bb-294e-43e6-8f8b-6913488e3dc9]: Assigning socketPath: /tmp/fire_emu_16266.sock"}}
[debug] [2020-12-16T17:37:00.789Z] [worker-api-054ef6bb-294e-43e6-8f8b-6913488e3dc9]: BUSY {"metadata":{"emulator":{"name":"functions"},"message":"[worker-api-054ef6bb-294e-43e6-8f8b-6913488e3dc9]: BUSY"}}
[debug] [2020-12-16T17:37:00.790Z] [runtime-status] [16266] Trigger "api" has been found, beginning invocation! {"metadata":{"emulator":{"name":"functions"},"function":{"name":"api"},"message":"[runtime-status] [16266] Trigger \"api\" has been found, beginning invocation!"}}
[info] i  functions: Beginning execution of "api" {"metadata":{"emulator":{"name":"functions"},"function":{"name":"api"},"message":"Beginning execution of \"api\""}}
[debug] [2020-12-16T17:37:00.792Z] [runtime-status] [16266] triggerDefinition {"httpsTrigger":{},"name":"api","entryPoint":"api"} {"metadata":{"emulator":{"name":"functions"},"function":{"name":"api"},"message":"[runtime-status] [16266] triggerDefinition {\"httpsTrigger\":{},\"name\":\"api\",\"entryPoint\":\"api\"}"}}
[debug] [2020-12-16T17:37:00.792Z] [runtime-status] [16266] Running api in mode HTTPS {"metadata":{"emulator":{"name":"functions"},"function":{"name":"api"},"message":"[runtime-status] [16266] Running api in mode HTTPS"}}
[debug] [2020-12-16T17:37:00.793Z] [runtime-status] [16266] Attempting to listen to socketPath: /tmp/fire_emu_16266.sock {"metadata":{"emulator":{"name":"functions"},"function":{"name":"api"},"message":"[runtime-status] [16266] Attempting to listen to socketPath: /tmp/fire_emu_16266.sock"}}
[debug] [2020-12-16T17:37:00.794Z] [functions] Runtime ready! Sending request! {"metadata":{"emulator":{"name":"functions"},"message":"[functions] Runtime ready! Sending request!"}}
[debug] [2020-12-16T17:37:00.797Z] [runtime-status] [16266] Ephemeral server handling GET request {"metadata":{"emulator":{"name":"functions"},"function":{"name":"api"},"message":"[runtime-status] [16266] Ephemeral server handling GET request"}}
[debug] [2020-12-16T17:37:00.800Z] [runtime-status] [16266] Ephemeral server survived. {"metadata":{"emulator":{"name":"functions"},"function":{"name":"api"},"message":"[runtime-status] [16266] Ephemeral server survived."}}
[info] i  functions: Finished "api" in ~1s {"metadata":{"emulator":{"name":"functions"},"function":{"name":"api"},"message":"Finished \"api\" in ~1s"}}
[debug] [2020-12-16T17:37:00.801Z] [worker-api-054ef6bb-294e-43e6-8f8b-6913488e3dc9]: IDLE {"metadata":{"emulator":{"name":"functions"},"message":"[worker-api-054ef6bb-294e-43e6-8f8b-6913488e3dc9]: IDLE"}}
[debug] [2020-12-16T17:37:00.801Z] [work-queue] {"queueLength":0,"workRunningCount":0}
[debug] [2020-12-16T17:37:14.656Z] [work-queue] {"queueLength":1,"workRunningCount":0}
[debug] [2020-12-16T17:37:14.656Z] [work-queue] {"queueLength":0,"workRunningCount":1}
[debug] [2020-12-16T17:37:14.657Z] Accepted request POST /rent-a-car-b5d57/us-central1/api/demo --> api
[debug] [2020-12-16T17:37:14.658Z] [worker-pool] submitWork(triggerId=api) {"metadata":{"emulator":{"name":"functions"},"message":"[worker-pool] submitWork(triggerId=api)"}}
[debug] [2020-12-16T17:37:14.662Z] [worker-api-054ef6bb-294e-43e6-8f8b-6913488e3dc9]: Assigning socketPath: /tmp/fire_emu_16266.sock {"metadata":{"emulator":{"name":"functions"},"message":"[worker-api-054ef6bb-294e-43e6-8f8b-6913488e3dc9]: Assigning socketPath: /tmp/fire_emu_16266.sock"}}
[debug] [2020-12-16T17:37:14.662Z] [worker-api-054ef6bb-294e-43e6-8f8b-6913488e3dc9]: BUSY {"metadata":{"emulator":{"name":"functions"},"message":"[worker-api-054ef6bb-294e-43e6-8f8b-6913488e3dc9]: BUSY"}}
[debug] [2020-12-16T17:37:14.663Z] [runtime-status] [16266] Trigger "api" has been found, beginning invocation! {"metadata":{"emulator":{"name":"functions"},"function":{"name":"api"},"message":"[runtime-status] [16266] Trigger \"api\" has been found, beginning invocation!"}}
[info] i  functions: Beginning execution of "api" {"metadata":{"emulator":{"name":"functions"},"function":{"name":"api"},"message":"Beginning execution of \"api\""}}
[debug] [2020-12-16T17:37:14.667Z] [runtime-status] [16266] triggerDefinition {"httpsTrigger":{},"name":"api","entryPoint":"api"} {"metadata":{"emulator":{"name":"functions"},"function":{"name":"api"},"message":"[runtime-status] [16266] triggerDefinition {\"httpsTrigger\":{},\"name\":\"api\",\"entryPoint\":\"api\"}"}}
[debug] [2020-12-16T17:37:14.668Z] [runtime-status] [16266] Running api in mode HTTPS {"metadata":{"emulator":{"name":"functions"},"function":{"name":"api"},"message":"[runtime-status] [16266] Running api in mode HTTPS"}}
[debug] [2020-12-16T17:37:14.668Z] [runtime-status] [16266] Attempting to listen to socketPath: /tmp/fire_emu_16266.sock {"metadata":{"emulator":{"name":"functions"},"function":{"name":"api"},"message":"[runtime-status] [16266] Attempting to listen to socketPath: /tmp/fire_emu_16266.sock"}}
[debug] [2020-12-16T17:37:14.672Z] [functions] Runtime ready! Sending request! {"metadata":{"emulator":{"name":"functions"},"message":"[functions] Runtime ready! Sending request!"}}
[debug] [2020-12-16T17:37:14.676Z] [runtime-status] [16266] Ephemeral server handling POST request {"metadata":{"emulator":{"name":"functions"},"function":{"name":"api"},"message":"[runtime-status] [16266] Ephemeral server handling POST request"}}
[debug] [2020-12-16T17:37:14.682Z] [runtime-status] [16266] Ephemeral server survived. {"metadata":{"emulator":{"name":"functions"},"function":{"name":"api"},"message":"[runtime-status] [16266] Ephemeral server survived."}}
[warn] ⚠  functions: Your function timed out after ~60s. To configure this timeout, see
      https://firebase.google.com/docs/functions/manage-functions#set_timeout_and_memory_allocation. {"metadata":{"emulator":{"name":"functions"},"function":{"name":"api"},"message":"Your function timed out after ~60s. To configure this timeout, see\n      https://firebase.google.com/docs/functions/manage-functions#set_timeout_and_memory_allocation."}}
[info] >  /usr/lib/node_modules/firebase-tools/lib/emulator/functionsEmulatorRuntime.js:638 {"user":"/usr/lib/node_modules/firebase-tools/lib/emulator/functionsEmulatorRuntime.js:638","metadata":{"emulator":{"name":"functions"},"function":{"name":"api"},"message":"\u001b[90m> \u001b[39m /usr/lib/node_modules/firebase-tools/lib/emulator/functionsEmulatorRuntime.js:638"}}
[info] >              throw new Error("Function timed out."); {"user":"            throw new Error(\"Function timed out.\");","metadata":{"emulator":{"name":"functions"},"function":{"name":"api"},"message":"\u001b[90m> \u001b[39m             throw new Error(\"Function timed out.\");"}}
[info] >              ^ {"user":"            ^","metadata":{"emulator":{"name":"functions"},"function":{"name":"api"},"message":"\u001b[90m> \u001b[39m             ^"}}
[info] >   {"user":"","metadata":{"emulator":{"name":"functions"},"function":{"name":"api"},"message":"\u001b[90m> \u001b[39m "}}
[info] >  Error: Function timed out. {"user":"Error: Function timed out.","metadata":{"emulator":{"name":"functions"},"function":{"name":"api"},"message":"\u001b[90m> \u001b[39m Error: Function timed out."}}
[info] >      at Timeout._onTimeout (/usr/lib/node_modules/firebase-tools/lib/emulator/functionsEmulatorRuntime.js:638:19) {"user":"    at Timeout._onTimeout (/usr/lib/node_modules/firebase-tools/lib/emulator/functionsEmulatorRuntime.js:638:19)","metadata":{"emulator":{"name":"functions"},"function":{"name":"api"},"message":"\u001b[90m> \u001b[39m     at Timeout._onTimeout (/usr/lib/node_modules/firebase-tools/lib/emulator/functionsEmulatorRuntime.js:638:19)"}}
[info] >      at listOnTimeout (internal/timers.js:554:17) {"user":"    at listOnTimeout (internal/timers.js:554:17)","metadata":{"emulator":{"name":"functions"},"function":{"name":"api"},"message":"\u001b[90m> \u001b[39m     at listOnTimeout (internal/timers.js:554:17)"}}
[info] >      at processTimers (internal/timers.js:497:7) {"user":"    at processTimers (internal/timers.js:497:7)","metadata":{"emulator":{"name":"functions"},"function":{"name":"api"},"message":"\u001b[90m> \u001b[39m     at processTimers (internal/timers.js:497:7)"}}
[debug] [2020-12-16T17:38:14.686Z] [worker-api-054ef6bb-294e-43e6-8f8b-6913488e3dc9]: exited {"metadata":{"emulator":{"name":"functions"},"message":"[worker-api-054ef6bb-294e-43e6-8f8b-6913488e3dc9]: exited"}}
[debug] [2020-12-16T17:38:14.686Z] [worker-api-054ef6bb-294e-43e6-8f8b-6913488e3dc9]: FINISHED {"metadata":{"emulator":{"name":"functions"},"message":"[worker-api-054ef6bb-294e-43e6-8f8b-6913488e3dc9]: FINISHED"}}
[debug] [2020-12-16T17:38:14.686Z] [work-queue] {"queueLength":0,"workRunningCount":0}
