[debug] [2020-12-17T06:46:55.294Z] ----------------------------------------------------------------------
[debug] [2020-12-17T06:46:55.297Z] Command:       /usr/bin/node /usr/bin/firebase emulators:start
[debug] [2020-12-17T06:46:55.297Z] CLI Version:   9.0.0
[debug] [2020-12-17T06:46:55.297Z] Platform:      linux
[debug] [2020-12-17T06:46:55.297Z] Node Version:  v12.20.0
[debug] [2020-12-17T06:46:55.305Z] Time:          Thu Dec 17 2020 01:46:55 GMT-0500 (Eastern Standard Time)
[debug] [2020-12-17T06:46:55.305Z] ----------------------------------------------------------------------
[debug] [2020-12-17T06:46:55.305Z] 
[debug] [2020-12-17T06:46:55.315Z] > command requires scopes: ["email","openid","https://www.googleapis.com/auth/cloudplatformprojects.readonly","https://www.googleapis.com/auth/firebase","https://www.googleapis.com/auth/cloud-platform"]
[debug] [2020-12-17T06:46:55.316Z] > authorizing via signed-in user
[info] i  emulators: Starting emulators: functions, hosting {"metadata":{"emulator":{"name":"hub"},"message":"Starting emulators: functions, hosting"}}
[debug] [2020-12-17T06:46:55.336Z] [hub] writing locator at /tmp/hub-rent-a-car-b5d57.json
[warn] ⚠  functions: The following emulators are not running, calls to these services from the Functions emulator will affect production: auth, firestore, database, pubsub {"metadata":{"emulator":{"name":"functions"},"message":"The following emulators are not running, calls to these services from the Functions emulator will affect production: \u001b[1mauth, firestore, database, pubsub\u001b[22m"}}
[info] ✔  functions: Using node@12 from host. {"metadata":{"emulator":{"name":"functions"},"message":"Using node@12 from host."}}
[debug] [2020-12-17T06:46:55.394Z] defaultcredentials: writing to file /home/naguihw/.config/firebase/naguihw_gmail_com_application_default_credentials.json
[debug] [2020-12-17T06:46:55.399Z] Setting GAC to /home/naguihw/.config/firebase/naguihw_gmail_com_application_default_credentials.json {"metadata":{"emulator":{"name":"functions"},"message":"Setting GAC to /home/naguihw/.config/firebase/naguihw_gmail_com_application_default_credentials.json"}}
[debug] [2020-12-17T06:46:55.408Z] > refreshing access token with scopes: ["email","https://www.googleapis.com/auth/cloud-platform","https://www.googleapis.com/auth/cloudplatformprojects.readonly","https://www.googleapis.com/auth/firebase","openid"]
[debug] [2020-12-17T06:46:55.408Z] >>> HTTP REQUEST POST https://www.googleapis.com/oauth2/v3/token  
 <request body omitted>
[debug] [2020-12-17T06:46:55.712Z] <<< HTTP RESPONSE 200 {"date":"Thu, 17 Dec 2020 06:46:55 GMT","cache-control":"no-cache, no-store, max-age=0, must-revalidate","pragma":"no-cache","expires":"Mon, 01 Jan 1990 00:00:00 GMT","content-type":"application/json; charset=utf-8","vary":"X-Origin, Referer, Origin,Accept-Encoding","server":"scaffolding on HTTPServer2","x-xss-protection":"0","x-frame-options":"SAMEORIGIN","x-content-type-options":"nosniff","alt-svc":"h3-29=\":443\"; ma=2592000,h3-T051=\":443\"; ma=2592000,h3-Q050=\":443\"; ma=2592000,h3-Q046=\":443\"; ma=2592000,h3-Q043=\":443\"; ma=2592000,quic=\":443\"; ma=2592000; v=\"46,43\"","accept-ranges":"none","transfer-encoding":"chunked"}
[debug] [2020-12-17T06:46:55.718Z] >>> HTTP REQUEST GET https://firebase.googleapis.com/v1beta1/projects/rent-a-car-b5d57/webApps/-/config  
 
[debug] [2020-12-17T06:46:56.558Z] <<< HTTP RESPONSE 200 {"content-type":"application/json; charset=UTF-8","vary":"X-Origin, Referer, Origin,Accept-Encoding","date":"Thu, 17 Dec 2020 06:46:56 GMT","server":"ESF","cache-control":"private","x-xss-protection":"0","x-frame-options":"SAMEORIGIN","x-content-type-options":"nosniff","alt-svc":"h3-29=\":443\"; ma=2592000,h3-T051=\":443\"; ma=2592000,h3-Q050=\":443\"; ma=2592000,h3-Q046=\":443\"; ma=2592000,h3-Q043=\":443\"; ma=2592000,quic=\":443\"; ma=2592000; v=\"46,43\"","accept-ranges":"none","transfer-encoding":"chunked"}
[info] i  hosting: Serving hosting files from: build {"metadata":{"emulator":{"name":"hosting"},"message":"Serving hosting files from: \u001b[1mbuild\u001b[22m"}}
[info] ✔  hosting: Local server: http://127.0.0.1:5000 {"metadata":{"emulator":{"name":"hosting"},"message":"Local server: \u001b[4m\u001b[1mhttp://127.0.0.1:5000\u001b[22m\u001b[24m"}}
[debug] [2020-12-17T06:46:56.610Z] Ignoring unsupported arg: auto_download {"metadata":{"emulator":{"name":"ui"},"message":"Ignoring unsupported arg: auto_download"}}
[debug] [2020-12-17T06:46:56.610Z] Ignoring unsupported arg: port {"metadata":{"emulator":{"name":"ui"},"message":"Ignoring unsupported arg: port"}}
[debug] [2020-12-17T06:46:56.610Z] Starting Emulator UI with command {"binary":"node","args":["/home/naguihw/.cache/firebase/emulators/ui-v1.4.0/server.bundle.js"],"optionalArgs":[],"joinArgs":false} {"metadata":{"emulator":{"name":"ui"},"message":"Starting Emulator UI with command {\"binary\":\"node\",\"args\":[\"/home/naguihw/.cache/firebase/emulators/ui-v1.4.0/server.bundle.js\"],\"optionalArgs\":[],\"joinArgs\":false}"}}
[info] i  ui: Emulator UI logging to ui-debug.log {"metadata":{"emulator":{"name":"ui"},"message":"Emulator UI logging to \u001b[1mui-debug.log\u001b[22m"}}
[debug] [2020-12-17T06:46:56.781Z] Web / API server started at http://127.0.0.1:4000
 {"metadata":{"emulator":{"name":"ui"},"message":"Web / API server started at http://127.0.0.1:4000\n"}}
[info] i  functions: Watching "/mnt/c/Users/NaguiHW/Desktop/myProjects/rent-a-car/functions" for Cloud Functions... {"metadata":{"emulator":{"name":"functions"},"message":"Watching \"/mnt/c/Users/NaguiHW/Desktop/myProjects/rent-a-car/functions\" for Cloud Functions..."}}
[debug] [2020-12-17T06:46:56.942Z] [worker-pool] addWorker(~diagnostic~) {"metadata":{"emulator":{"name":"functions"},"message":"[worker-pool] addWorker(~diagnostic~)"}}
[debug] [2020-12-17T06:46:56.943Z] [worker-pool] Adding worker with key ~diagnostic~, total=1 {"metadata":{"emulator":{"name":"functions"},"message":"[worker-pool] Adding worker with key ~diagnostic~, total=1"}}
[debug] [2020-12-17T06:46:56.943Z] [worker-pool] submitWork(triggerId=) {"metadata":{"emulator":{"name":"functions"},"message":"[worker-pool] submitWork(triggerId=)"}}
[debug] [2020-12-17T06:46:56.943Z] [worker-~diagnostic~-7da03a48-d8b3-46c5-8c4f-aa3354876ea9]: Assigning socketPath: /tmp/fire_emu_18358.sock {"metadata":{"emulator":{"name":"functions"},"message":"[worker-~diagnostic~-7da03a48-d8b3-46c5-8c4f-aa3354876ea9]: Assigning socketPath: /tmp/fire_emu_18358.sock"}}
[debug] [2020-12-17T06:46:56.944Z] [worker-~diagnostic~-7da03a48-d8b3-46c5-8c4f-aa3354876ea9]: BUSY {"metadata":{"emulator":{"name":"functions"},"message":"[worker-~diagnostic~-7da03a48-d8b3-46c5-8c4f-aa3354876ea9]: BUSY"}}
[debug] [2020-12-17T06:46:57.180Z] [runtime-status] [18358] Functions runtime initialized. {"cwd":"/mnt/c/Users/NaguiHW/Desktop/myProjects/rent-a-car/functions","node_version":"12.20.0"} {"metadata":{"emulator":{"name":"functions"},"message":"[runtime-status] [18358] Functions runtime initialized. {\"cwd\":\"/mnt/c/Users/NaguiHW/Desktop/myProjects/rent-a-car/functions\",\"node_version\":\"12.20.0\"}"}}
[debug] [2020-12-17T06:46:57.180Z] [runtime-status] [18358] Disabled runtime features: undefined {"metadata":{"emulator":{"name":"functions"},"message":"[runtime-status] [18358] Disabled runtime features: undefined"}}
[debug] [2020-12-17T06:46:57.184Z] [runtime-status] [18358] Resolved module firebase-admin {"declared":true,"installed":true,"version":"9.4.2","resolution":"/mnt/c/Users/NaguiHW/Desktop/myProjects/rent-a-car/functions/node_modules/firebase-admin/lib/index.js"} {"metadata":{"emulator":{"name":"functions"},"message":"[runtime-status] [18358] Resolved module firebase-admin {\"declared\":true,\"installed\":true,\"version\":\"9.4.2\",\"resolution\":\"/mnt/c/Users/NaguiHW/Desktop/myProjects/rent-a-car/functions/node_modules/firebase-admin/lib/index.js\"}"}}
[debug] [2020-12-17T06:46:57.187Z] [runtime-status] [18358] Resolved module firebase-functions {"declared":true,"installed":true,"version":"3.13.0","resolution":"/mnt/c/Users/NaguiHW/Desktop/myProjects/rent-a-car/functions/node_modules/firebase-functions/lib/index.js"} {"metadata":{"emulator":{"name":"functions"},"message":"[runtime-status] [18358] Resolved module firebase-functions {\"declared\":true,\"installed\":true,\"version\":\"3.13.0\",\"resolution\":\"/mnt/c/Users/NaguiHW/Desktop/myProjects/rent-a-car/functions/node_modules/firebase-functions/lib/index.js\"}"}}
[debug] [2020-12-17T06:46:57.189Z] [runtime-status] [18358] Resolved module firebase-functions {"declared":true,"installed":true,"version":"3.13.0","resolution":"/mnt/c/Users/NaguiHW/Desktop/myProjects/rent-a-car/functions/node_modules/firebase-functions/lib/index.js"} {"metadata":{"emulator":{"name":"functions"},"message":"[runtime-status] [18358] Resolved module firebase-functions {\"declared\":true,\"installed\":true,\"version\":\"3.13.0\",\"resolution\":\"/mnt/c/Users/NaguiHW/Desktop/myProjects/rent-a-car/functions/node_modules/firebase-functions/lib/index.js\"}"}}
[debug] [2020-12-17T06:46:57.207Z] [runtime-status] [18358] Outgoing network have been stubbed. [{"name":"http","status":"mocked"},{"name":"http","status":"mocked"},{"name":"https","status":"mocked"},{"name":"https","status":"mocked"},{"name":"net","status":"mocked"}] {"metadata":{"emulator":{"name":"functions"},"message":"[runtime-status] [18358] Outgoing network have been stubbed. [{\"name\":\"http\",\"status\":\"mocked\"},{\"name\":\"http\",\"status\":\"mocked\"},{\"name\":\"https\",\"status\":\"mocked\"},{\"name\":\"https\",\"status\":\"mocked\"},{\"name\":\"net\",\"status\":\"mocked\"}]"}}
[debug] [2020-12-17T06:46:57.208Z] [runtime-status] [18358] Resolved module firebase-functions {"declared":true,"installed":true,"version":"3.13.0","resolution":"/mnt/c/Users/NaguiHW/Desktop/myProjects/rent-a-car/functions/node_modules/firebase-functions/lib/index.js"} {"metadata":{"emulator":{"name":"functions"},"message":"[runtime-status] [18358] Resolved module firebase-functions {\"declared\":true,\"installed\":true,\"version\":\"3.13.0\",\"resolution\":\"/mnt/c/Users/NaguiHW/Desktop/myProjects/rent-a-car/functions/node_modules/firebase-functions/lib/index.js\"}"}}
[debug] [2020-12-17T06:46:57.411Z] [runtime-status] [18358] Checked functions.config() {"config":{}} {"metadata":{"emulator":{"name":"functions"},"message":"[runtime-status] [18358] Checked functions.config() {\"config\":{}}"}}
[debug] [2020-12-17T06:46:57.412Z] [runtime-status] [18358] firebase-functions has been stubbed. {"functionsResolution":{"declared":true,"installed":true,"version":"3.13.0","resolution":"/mnt/c/Users/NaguiHW/Desktop/myProjects/rent-a-car/functions/node_modules/firebase-functions/lib/index.js"}} {"metadata":{"emulator":{"name":"functions"},"message":"[runtime-status] [18358] firebase-functions has been stubbed. {\"functionsResolution\":{\"declared\":true,\"installed\":true,\"version\":\"3.13.0\",\"resolution\":\"/mnt/c/Users/NaguiHW/Desktop/myProjects/rent-a-car/functions/node_modules/firebase-functions/lib/index.js\"}}"}}
[debug] [2020-12-17T06:46:57.413Z] [runtime-status] [18358] Resolved module firebase-functions {"declared":true,"installed":true,"version":"3.13.0","resolution":"/mnt/c/Users/NaguiHW/Desktop/myProjects/rent-a-car/functions/node_modules/firebase-functions/lib/index.js"} {"metadata":{"emulator":{"name":"functions"},"message":"[runtime-status] [18358] Resolved module firebase-functions {\"declared\":true,\"installed\":true,\"version\":\"3.13.0\",\"resolution\":\"/mnt/c/Users/NaguiHW/Desktop/myProjects/rent-a-car/functions/node_modules/firebase-functions/lib/index.js\"}"}}
[debug] [2020-12-17T06:46:57.414Z] [runtime-status] [18358] Resolved module firebase-admin {"declared":true,"installed":true,"version":"9.4.2","resolution":"/mnt/c/Users/NaguiHW/Desktop/myProjects/rent-a-car/functions/node_modules/firebase-admin/lib/index.js"} {"metadata":{"emulator":{"name":"functions"},"message":"[runtime-status] [18358] Resolved module firebase-admin {\"declared\":true,\"installed\":true,\"version\":\"9.4.2\",\"resolution\":\"/mnt/c/Users/NaguiHW/Desktop/myProjects/rent-a-car/functions/node_modules/firebase-admin/lib/index.js\"}"}}
[debug] [2020-12-17T06:46:57.415Z] [runtime-status] [18358] Resolved module firebase-functions {"declared":true,"installed":true,"version":"3.13.0","resolution":"/mnt/c/Users/NaguiHW/Desktop/myProjects/rent-a-car/functions/node_modules/firebase-functions/lib/index.js"} {"metadata":{"emulator":{"name":"functions"},"message":"[runtime-status] [18358] Resolved module firebase-functions {\"declared\":true,\"installed\":true,\"version\":\"3.13.0\",\"resolution\":\"/mnt/c/Users/NaguiHW/Desktop/myProjects/rent-a-car/functions/node_modules/firebase-functions/lib/index.js\"}"}}
[debug] [2020-12-17T06:46:57.415Z] [runtime-status] [18358] firebase-admin has been stubbed. {"adminResolution":{"declared":true,"installed":true,"version":"9.4.2","resolution":"/mnt/c/Users/NaguiHW/Desktop/myProjects/rent-a-car/functions/node_modules/firebase-admin/lib/index.js"}} {"metadata":{"emulator":{"name":"functions"},"message":"[runtime-status] [18358] firebase-admin has been stubbed. {\"adminResolution\":{\"declared\":true,\"installed\":true,\"version\":\"9.4.2\",\"resolution\":\"/mnt/c/Users/NaguiHW/Desktop/myProjects/rent-a-car/functions/node_modules/firebase-admin/lib/index.js\"}}"}}
[warn] ⚠  Error: Cannot find module './routes/category.route.js'
Require stack:
- /mnt/c/Users/NaguiHW/Desktop/myProjects/rent-a-car/functions/index.js
- /usr/lib/node_modules/firebase-tools/lib/emulator/functionsEmulatorRuntime.js
    at Function.Module._resolveFilename (internal/modules/cjs/loader.js:815:15)
    at Function.Module._load (internal/modules/cjs/loader.js:667:27)
    at Module.require (internal/modules/cjs/loader.js:887:19)
    at require (internal/modules/cjs/helpers.js:74:18)
    at Object.<anonymous> (/mnt/c/Users/NaguiHW/Desktop/myProjects/rent-a-car/functions/index.js:33:17)
    at Module._compile (internal/modules/cjs/loader.js:999:30)
    at Object.Module._extensions..js (internal/modules/cjs/loader.js:1027:10)
    at Module.load (internal/modules/cjs/loader.js:863:32)
    at Function.Module._load (internal/modules/cjs/loader.js:708:14)
    at Module.require (internal/modules/cjs/loader.js:887:19)
    at require (internal/modules/cjs/helpers.js:74:18)
    at initializeRuntime (/usr/lib/node_modules/firebase-tools/lib/emulator/functionsEmulatorRuntime.js:674:29)
    at processTicksAndRejections (internal/process/task_queues.js:97:5)
    at async handleMessage (/usr/lib/node_modules/firebase-tools/lib/emulator/functionsEmulatorRuntime.js:712:20) {"metadata":{"emulator":{"name":"functions"},"message":"Error: Cannot find module './routes/category.route.js'\nRequire stack:\n- /mnt/c/Users/NaguiHW/Desktop/myProjects/rent-a-car/functions/index.js\n- /usr/lib/node_modules/firebase-tools/lib/emulator/functionsEmulatorRuntime.js\n    at Function.Module._resolveFilename (internal/modules/cjs/loader.js:815:15)\n    at Function.Module._load (internal/modules/cjs/loader.js:667:27)\n    at Module.require (internal/modules/cjs/loader.js:887:19)\n    at require (internal/modules/cjs/helpers.js:74:18)\n    at Object.<anonymous> (/mnt/c/Users/NaguiHW/Desktop/myProjects/rent-a-car/functions/index.js:33:17)\n    at Module._compile (internal/modules/cjs/loader.js:999:30)\n    at Object.Module._extensions..js (internal/modules/cjs/loader.js:1027:10)\n    at Module.load (internal/modules/cjs/loader.js:863:32)\n    at Function.Module._load (internal/modules/cjs/loader.js:708:14)\n    at Module.require (internal/modules/cjs/loader.js:887:19)\n    at require (internal/modules/cjs/helpers.js:74:18)\n    at initializeRuntime (/usr/lib/node_modules/firebase-tools/lib/emulator/functionsEmulatorRuntime.js:674:29)\n    at processTicksAndRejections (internal/process/task_queues.js:97:5)\n    at async handleMessage (/usr/lib/node_modules/firebase-tools/lib/emulator/functionsEmulatorRuntime.js:712:20)"}}
[warn] ⚠  We were unable to load your functions code. (see above) {"metadata":{"emulator":{"name":"functions"}}}
[debug] [2020-12-17T06:46:58.588Z] [worker-~diagnostic~-7da03a48-d8b3-46c5-8c4f-aa3354876ea9]: exited {"metadata":{"emulator":{"name":"functions"},"message":"[worker-~diagnostic~-7da03a48-d8b3-46c5-8c4f-aa3354876ea9]: exited"}}
[debug] [2020-12-17T06:46:58.588Z] [worker-~diagnostic~-7da03a48-d8b3-46c5-8c4f-aa3354876ea9]: FINISHED {"metadata":{"emulator":{"name":"functions"},"message":"[worker-~diagnostic~-7da03a48-d8b3-46c5-8c4f-aa3354876ea9]: FINISHED"}}
[debug] [2020-12-17T06:47:32.531Z] File /mnt/c/Users/NaguiHW/Desktop/myProjects/rent-a-car/functions/index.js changed, reloading triggers {"metadata":{"emulator":{"name":"functions"},"message":"File /mnt/c/Users/NaguiHW/Desktop/myProjects/rent-a-car/functions/index.js changed, reloading triggers"}}
[debug] [2020-12-17T06:47:33.532Z] [worker-pool] Cleaned up workers for ~diagnostic~: 1 --> 0 {"metadata":{"emulator":{"name":"functions"},"message":"[worker-pool] Cleaned up workers for ~diagnostic~: 1 --> 0"}}
[debug] [2020-12-17T06:47:33.554Z] [worker-pool] addWorker(~diagnostic~) {"metadata":{"emulator":{"name":"functions"},"message":"[worker-pool] addWorker(~diagnostic~)"}}
[debug] [2020-12-17T06:47:33.554Z] [worker-pool] Adding worker with key ~diagnostic~, total=1 {"metadata":{"emulator":{"name":"functions"},"message":"[worker-pool] Adding worker with key ~diagnostic~, total=1"}}
[debug] [2020-12-17T06:47:33.554Z] [worker-pool] submitWork(triggerId=) {"metadata":{"emulator":{"name":"functions"},"message":"[worker-pool] submitWork(triggerId=)"}}
[debug] [2020-12-17T06:47:33.554Z] [worker-~diagnostic~-c3de8f26-5790-402d-bd0f-7ab5ab39d4ff]: Assigning socketPath: /tmp/fire_emu_18434.sock {"metadata":{"emulator":{"name":"functions"},"message":"[worker-~diagnostic~-c3de8f26-5790-402d-bd0f-7ab5ab39d4ff]: Assigning socketPath: /tmp/fire_emu_18434.sock"}}
[debug] [2020-12-17T06:47:33.555Z] [worker-~diagnostic~-c3de8f26-5790-402d-bd0f-7ab5ab39d4ff]: BUSY {"metadata":{"emulator":{"name":"functions"},"message":"[worker-~diagnostic~-c3de8f26-5790-402d-bd0f-7ab5ab39d4ff]: BUSY"}}
[debug] [2020-12-17T06:47:33.781Z] [runtime-status] [18434] Functions runtime initialized. {"cwd":"/mnt/c/Users/NaguiHW/Desktop/myProjects/rent-a-car/functions","node_version":"12.20.0"} {"metadata":{"emulator":{"name":"functions"},"message":"[runtime-status] [18434] Functions runtime initialized. {\"cwd\":\"/mnt/c/Users/NaguiHW/Desktop/myProjects/rent-a-car/functions\",\"node_version\":\"12.20.0\"}"}}
[debug] [2020-12-17T06:47:33.782Z] [runtime-status] [18434] Disabled runtime features: undefined {"metadata":{"emulator":{"name":"functions"},"message":"[runtime-status] [18434] Disabled runtime features: undefined"}}
[debug] [2020-12-17T06:47:33.786Z] [runtime-status] [18434] Resolved module firebase-admin {"declared":true,"installed":true,"version":"9.4.2","resolution":"/mnt/c/Users/NaguiHW/Desktop/myProjects/rent-a-car/functions/node_modules/firebase-admin/lib/index.js"} {"metadata":{"emulator":{"name":"functions"},"message":"[runtime-status] [18434] Resolved module firebase-admin {\"declared\":true,\"installed\":true,\"version\":\"9.4.2\",\"resolution\":\"/mnt/c/Users/NaguiHW/Desktop/myProjects/rent-a-car/functions/node_modules/firebase-admin/lib/index.js\"}"}}
[debug] [2020-12-17T06:47:33.788Z] [runtime-status] [18434] Resolved module firebase-functions {"declared":true,"installed":true,"version":"3.13.0","resolution":"/mnt/c/Users/NaguiHW/Desktop/myProjects/rent-a-car/functions/node_modules/firebase-functions/lib/index.js"} {"metadata":{"emulator":{"name":"functions"},"message":"[runtime-status] [18434] Resolved module firebase-functions {\"declared\":true,\"installed\":true,\"version\":\"3.13.0\",\"resolution\":\"/mnt/c/Users/NaguiHW/Desktop/myProjects/rent-a-car/functions/node_modules/firebase-functions/lib/index.js\"}"}}
[debug] [2020-12-17T06:47:33.789Z] [runtime-status] [18434] Resolved module firebase-functions {"declared":true,"installed":true,"version":"3.13.0","resolution":"/mnt/c/Users/NaguiHW/Desktop/myProjects/rent-a-car/functions/node_modules/firebase-functions/lib/index.js"} {"metadata":{"emulator":{"name":"functions"},"message":"[runtime-status] [18434] Resolved module firebase-functions {\"declared\":true,\"installed\":true,\"version\":\"3.13.0\",\"resolution\":\"/mnt/c/Users/NaguiHW/Desktop/myProjects/rent-a-car/functions/node_modules/firebase-functions/lib/index.js\"}"}}
[debug] [2020-12-17T06:47:33.791Z] [runtime-status] [18434] Outgoing network have been stubbed. [{"name":"http","status":"mocked"},{"name":"http","status":"mocked"},{"name":"https","status":"mocked"},{"name":"https","status":"mocked"},{"name":"net","status":"mocked"}] {"metadata":{"emulator":{"name":"functions"},"message":"[runtime-status] [18434] Outgoing network have been stubbed. [{\"name\":\"http\",\"status\":\"mocked\"},{\"name\":\"http\",\"status\":\"mocked\"},{\"name\":\"https\",\"status\":\"mocked\"},{\"name\":\"https\",\"status\":\"mocked\"},{\"name\":\"net\",\"status\":\"mocked\"}]"}}
[debug] [2020-12-17T06:47:33.792Z] [runtime-status] [18434] Resolved module firebase-functions {"declared":true,"installed":true,"version":"3.13.0","resolution":"/mnt/c/Users/NaguiHW/Desktop/myProjects/rent-a-car/functions/node_modules/firebase-functions/lib/index.js"} {"metadata":{"emulator":{"name":"functions"},"message":"[runtime-status] [18434] Resolved module firebase-functions {\"declared\":true,\"installed\":true,\"version\":\"3.13.0\",\"resolution\":\"/mnt/c/Users/NaguiHW/Desktop/myProjects/rent-a-car/functions/node_modules/firebase-functions/lib/index.js\"}"}}
[debug] [2020-12-17T06:47:33.855Z] [runtime-status] [18434] Checked functions.config() {"config":{}} {"metadata":{"emulator":{"name":"functions"},"message":"[runtime-status] [18434] Checked functions.config() {\"config\":{}}"}}
[debug] [2020-12-17T06:47:33.856Z] [runtime-status] [18434] firebase-functions has been stubbed. {"functionsResolution":{"declared":true,"installed":true,"version":"3.13.0","resolution":"/mnt/c/Users/NaguiHW/Desktop/myProjects/rent-a-car/functions/node_modules/firebase-functions/lib/index.js"}} {"metadata":{"emulator":{"name":"functions"},"message":"[runtime-status] [18434] firebase-functions has been stubbed. {\"functionsResolution\":{\"declared\":true,\"installed\":true,\"version\":\"3.13.0\",\"resolution\":\"/mnt/c/Users/NaguiHW/Desktop/myProjects/rent-a-car/functions/node_modules/firebase-functions/lib/index.js\"}}"}}
[debug] [2020-12-17T06:47:33.856Z] [runtime-status] [18434] Resolved module firebase-functions {"declared":true,"installed":true,"version":"3.13.0","resolution":"/mnt/c/Users/NaguiHW/Desktop/myProjects/rent-a-car/functions/node_modules/firebase-functions/lib/index.js"} {"metadata":{"emulator":{"name":"functions"},"message":"[runtime-status] [18434] Resolved module firebase-functions {\"declared\":true,\"installed\":true,\"version\":\"3.13.0\",\"resolution\":\"/mnt/c/Users/NaguiHW/Desktop/myProjects/rent-a-car/functions/node_modules/firebase-functions/lib/index.js\"}"}}
[debug] [2020-12-17T06:47:33.858Z] [runtime-status] [18434] Resolved module firebase-admin {"declared":true,"installed":true,"version":"9.4.2","resolution":"/mnt/c/Users/NaguiHW/Desktop/myProjects/rent-a-car/functions/node_modules/firebase-admin/lib/index.js"} {"metadata":{"emulator":{"name":"functions"},"message":"[runtime-status] [18434] Resolved module firebase-admin {\"declared\":true,\"installed\":true,\"version\":\"9.4.2\",\"resolution\":\"/mnt/c/Users/NaguiHW/Desktop/myProjects/rent-a-car/functions/node_modules/firebase-admin/lib/index.js\"}"}}
[debug] [2020-12-17T06:47:33.858Z] [runtime-status] [18434] Resolved module firebase-functions {"declared":true,"installed":true,"version":"3.13.0","resolution":"/mnt/c/Users/NaguiHW/Desktop/myProjects/rent-a-car/functions/node_modules/firebase-functions/lib/index.js"} {"metadata":{"emulator":{"name":"functions"},"message":"[runtime-status] [18434] Resolved module firebase-functions {\"declared\":true,\"installed\":true,\"version\":\"3.13.0\",\"resolution\":\"/mnt/c/Users/NaguiHW/Desktop/myProjects/rent-a-car/functions/node_modules/firebase-functions/lib/index.js\"}"}}
[debug] [2020-12-17T06:47:33.859Z] [runtime-status] [18434] firebase-admin has been stubbed. {"adminResolution":{"declared":true,"installed":true,"version":"9.4.2","resolution":"/mnt/c/Users/NaguiHW/Desktop/myProjects/rent-a-car/functions/node_modules/firebase-admin/lib/index.js"}} {"metadata":{"emulator":{"name":"functions"},"message":"[runtime-status] [18434] firebase-admin has been stubbed. {\"adminResolution\":{\"declared\":true,\"installed\":true,\"version\":\"9.4.2\",\"resolution\":\"/mnt/c/Users/NaguiHW/Desktop/myProjects/rent-a-car/functions/node_modules/firebase-admin/lib/index.js\"}}"}}
[warn] ⚠  Error: Cannot find module './routes/category.route.js'
Require stack:
- /mnt/c/Users/NaguiHW/Desktop/myProjects/rent-a-car/functions/index.js
- /usr/lib/node_modules/firebase-tools/lib/emulator/functionsEmulatorRuntime.js
    at Function.Module._resolveFilename (internal/modules/cjs/loader.js:815:15)
    at Function.Module._load (internal/modules/cjs/loader.js:667:27)
    at Module.require (internal/modules/cjs/loader.js:887:19)
    at require (internal/modules/cjs/helpers.js:74:18)
    at Object.<anonymous> (/mnt/c/Users/NaguiHW/Desktop/myProjects/rent-a-car/functions/index.js:33:17)
    at Module._compile (internal/modules/cjs/loader.js:999:30)
    at Object.Module._extensions..js (internal/modules/cjs/loader.js:1027:10)
    at Module.load (internal/modules/cjs/loader.js:863:32)
    at Function.Module._load (internal/modules/cjs/loader.js:708:14)
    at Module.require (internal/modules/cjs/loader.js:887:19)
    at require (internal/modules/cjs/helpers.js:74:18)
    at initializeRuntime (/usr/lib/node_modules/firebase-tools/lib/emulator/functionsEmulatorRuntime.js:674:29)
    at processTicksAndRejections (internal/process/task_queues.js:97:5)
    at async handleMessage (/usr/lib/node_modules/firebase-tools/lib/emulator/functionsEmulatorRuntime.js:712:20) {"metadata":{"emulator":{"name":"functions"},"message":"Error: Cannot find module './routes/category.route.js'\nRequire stack:\n- /mnt/c/Users/NaguiHW/Desktop/myProjects/rent-a-car/functions/index.js\n- /usr/lib/node_modules/firebase-tools/lib/emulator/functionsEmulatorRuntime.js\n    at Function.Module._resolveFilename (internal/modules/cjs/loader.js:815:15)\n    at Function.Module._load (internal/modules/cjs/loader.js:667:27)\n    at Module.require (internal/modules/cjs/loader.js:887:19)\n    at require (internal/modules/cjs/helpers.js:74:18)\n    at Object.<anonymous> (/mnt/c/Users/NaguiHW/Desktop/myProjects/rent-a-car/functions/index.js:33:17)\n    at Module._compile (internal/modules/cjs/loader.js:999:30)\n    at Object.Module._extensions..js (internal/modules/cjs/loader.js:1027:10)\n    at Module.load (internal/modules/cjs/loader.js:863:32)\n    at Function.Module._load (internal/modules/cjs/loader.js:708:14)\n    at Module.require (internal/modules/cjs/loader.js:887:19)\n    at require (internal/modules/cjs/helpers.js:74:18)\n    at initializeRuntime (/usr/lib/node_modules/firebase-tools/lib/emulator/functionsEmulatorRuntime.js:674:29)\n    at processTicksAndRejections (internal/process/task_queues.js:97:5)\n    at async handleMessage (/usr/lib/node_modules/firebase-tools/lib/emulator/functionsEmulatorRuntime.js:712:20)"}}
[warn] ⚠  We were unable to load your functions code. (see above) {"metadata":{"emulator":{"name":"functions"}}}
[debug] [2020-12-17T06:47:34.707Z] [worker-~diagnostic~-c3de8f26-5790-402d-bd0f-7ab5ab39d4ff]: exited {"metadata":{"emulator":{"name":"functions"},"message":"[worker-~diagnostic~-c3de8f26-5790-402d-bd0f-7ab5ab39d4ff]: exited"}}
[debug] [2020-12-17T06:47:34.708Z] [worker-~diagnostic~-c3de8f26-5790-402d-bd0f-7ab5ab39d4ff]: FINISHED {"metadata":{"emulator":{"name":"functions"},"message":"[worker-~diagnostic~-c3de8f26-5790-402d-bd0f-7ab5ab39d4ff]: FINISHED"}}
[debug] [2020-12-17T06:49:39.281Z] File /mnt/c/Users/NaguiHW/Desktop/myProjects/rent-a-car/functions/routes/category.route.js changed, reloading triggers {"metadata":{"emulator":{"name":"functions"},"message":"File /mnt/c/Users/NaguiHW/Desktop/myProjects/rent-a-car/functions/routes/category.route.js changed, reloading triggers"}}
[debug] [2020-12-17T06:49:40.281Z] [worker-pool] Cleaned up workers for ~diagnostic~: 1 --> 0 {"metadata":{"emulator":{"name":"functions"},"message":"[worker-pool] Cleaned up workers for ~diagnostic~: 1 --> 0"}}
[debug] [2020-12-17T06:49:40.301Z] [worker-pool] addWorker(~diagnostic~) {"metadata":{"emulator":{"name":"functions"},"message":"[worker-pool] addWorker(~diagnostic~)"}}
[debug] [2020-12-17T06:49:40.301Z] [worker-pool] Adding worker with key ~diagnostic~, total=1 {"metadata":{"emulator":{"name":"functions"},"message":"[worker-pool] Adding worker with key ~diagnostic~, total=1"}}
[debug] [2020-12-17T06:49:40.301Z] [worker-pool] submitWork(triggerId=) {"metadata":{"emulator":{"name":"functions"},"message":"[worker-pool] submitWork(triggerId=)"}}
[debug] [2020-12-17T06:49:40.301Z] [worker-~diagnostic~-14f33790-cbb3-441e-9bd9-b72238e5c5fd]: Assigning socketPath: /tmp/fire_emu_18728.sock {"metadata":{"emulator":{"name":"functions"},"message":"[worker-~diagnostic~-14f33790-cbb3-441e-9bd9-b72238e5c5fd]: Assigning socketPath: /tmp/fire_emu_18728.sock"}}
[debug] [2020-12-17T06:49:40.302Z] [worker-~diagnostic~-14f33790-cbb3-441e-9bd9-b72238e5c5fd]: BUSY {"metadata":{"emulator":{"name":"functions"},"message":"[worker-~diagnostic~-14f33790-cbb3-441e-9bd9-b72238e5c5fd]: BUSY"}}
[debug] [2020-12-17T06:49:40.642Z] [runtime-status] [18728] Functions runtime initialized. {"cwd":"/mnt/c/Users/NaguiHW/Desktop/myProjects/rent-a-car/functions","node_version":"12.20.0"} {"metadata":{"emulator":{"name":"functions"},"message":"[runtime-status] [18728] Functions runtime initialized. {\"cwd\":\"/mnt/c/Users/NaguiHW/Desktop/myProjects/rent-a-car/functions\",\"node_version\":\"12.20.0\"}"}}
[debug] [2020-12-17T06:49:40.644Z] [runtime-status] [18728] Disabled runtime features: undefined {"metadata":{"emulator":{"name":"functions"},"message":"[runtime-status] [18728] Disabled runtime features: undefined"}}
[debug] [2020-12-17T06:49:40.650Z] [runtime-status] [18728] Resolved module firebase-admin {"declared":true,"installed":true,"version":"9.4.2","resolution":"/mnt/c/Users/NaguiHW/Desktop/myProjects/rent-a-car/functions/node_modules/firebase-admin/lib/index.js"} {"metadata":{"emulator":{"name":"functions"},"message":"[runtime-status] [18728] Resolved module firebase-admin {\"declared\":true,\"installed\":true,\"version\":\"9.4.2\",\"resolution\":\"/mnt/c/Users/NaguiHW/Desktop/myProjects/rent-a-car/functions/node_modules/firebase-admin/lib/index.js\"}"}}
[debug] [2020-12-17T06:49:40.652Z] [runtime-status] [18728] Resolved module firebase-functions {"declared":true,"installed":true,"version":"3.13.0","resolution":"/mnt/c/Users/NaguiHW/Desktop/myProjects/rent-a-car/functions/node_modules/firebase-functions/lib/index.js"} {"metadata":{"emulator":{"name":"functions"},"message":"[runtime-status] [18728] Resolved module firebase-functions {\"declared\":true,\"installed\":true,\"version\":\"3.13.0\",\"resolution\":\"/mnt/c/Users/NaguiHW/Desktop/myProjects/rent-a-car/functions/node_modules/firebase-functions/lib/index.js\"}"}}
[debug] [2020-12-17T06:49:40.656Z] [runtime-status] [18728] Resolved module firebase-functions {"declared":true,"installed":true,"version":"3.13.0","resolution":"/mnt/c/Users/NaguiHW/Desktop/myProjects/rent-a-car/functions/node_modules/firebase-functions/lib/index.js"} {"metadata":{"emulator":{"name":"functions"},"message":"[runtime-status] [18728] Resolved module firebase-functions {\"declared\":true,\"installed\":true,\"version\":\"3.13.0\",\"resolution\":\"/mnt/c/Users/NaguiHW/Desktop/myProjects/rent-a-car/functions/node_modules/firebase-functions/lib/index.js\"}"}}
[debug] [2020-12-17T06:49:40.657Z] [runtime-status] [18728] Outgoing network have been stubbed. [{"name":"http","status":"mocked"},{"name":"http","status":"mocked"},{"name":"https","status":"mocked"},{"name":"https","status":"mocked"},{"name":"net","status":"mocked"}] {"metadata":{"emulator":{"name":"functions"},"message":"[runtime-status] [18728] Outgoing network have been stubbed. [{\"name\":\"http\",\"status\":\"mocked\"},{\"name\":\"http\",\"status\":\"mocked\"},{\"name\":\"https\",\"status\":\"mocked\"},{\"name\":\"https\",\"status\":\"mocked\"},{\"name\":\"net\",\"status\":\"mocked\"}]"}}
[debug] [2020-12-17T06:49:40.658Z] [runtime-status] [18728] Resolved module firebase-functions {"declared":true,"installed":true,"version":"3.13.0","resolution":"/mnt/c/Users/NaguiHW/Desktop/myProjects/rent-a-car/functions/node_modules/firebase-functions/lib/index.js"} {"metadata":{"emulator":{"name":"functions"},"message":"[runtime-status] [18728] Resolved module firebase-functions {\"declared\":true,\"installed\":true,\"version\":\"3.13.0\",\"resolution\":\"/mnt/c/Users/NaguiHW/Desktop/myProjects/rent-a-car/functions/node_modules/firebase-functions/lib/index.js\"}"}}
[debug] [2020-12-17T06:49:40.730Z] [runtime-status] [18728] Checked functions.config() {"config":{}} {"metadata":{"emulator":{"name":"functions"},"message":"[runtime-status] [18728] Checked functions.config() {\"config\":{}}"}}
[debug] [2020-12-17T06:49:40.731Z] [runtime-status] [18728] firebase-functions has been stubbed. {"functionsResolution":{"declared":true,"installed":true,"version":"3.13.0","resolution":"/mnt/c/Users/NaguiHW/Desktop/myProjects/rent-a-car/functions/node_modules/firebase-functions/lib/index.js"}} {"metadata":{"emulator":{"name":"functions"},"message":"[runtime-status] [18728] firebase-functions has been stubbed. {\"functionsResolution\":{\"declared\":true,\"installed\":true,\"version\":\"3.13.0\",\"resolution\":\"/mnt/c/Users/NaguiHW/Desktop/myProjects/rent-a-car/functions/node_modules/firebase-functions/lib/index.js\"}}"}}
[debug] [2020-12-17T06:49:40.733Z] [runtime-status] [18728] Resolved module firebase-functions {"declared":true,"installed":true,"version":"3.13.0","resolution":"/mnt/c/Users/NaguiHW/Desktop/myProjects/rent-a-car/functions/node_modules/firebase-functions/lib/index.js"} {"metadata":{"emulator":{"name":"functions"},"message":"[runtime-status] [18728] Resolved module firebase-functions {\"declared\":true,\"installed\":true,\"version\":\"3.13.0\",\"resolution\":\"/mnt/c/Users/NaguiHW/Desktop/myProjects/rent-a-car/functions/node_modules/firebase-functions/lib/index.js\"}"}}
[debug] [2020-12-17T06:49:40.733Z] [runtime-status] [18728] Resolved module firebase-admin {"declared":true,"installed":true,"version":"9.4.2","resolution":"/mnt/c/Users/NaguiHW/Desktop/myProjects/rent-a-car/functions/node_modules/firebase-admin/lib/index.js"} {"metadata":{"emulator":{"name":"functions"},"message":"[runtime-status] [18728] Resolved module firebase-admin {\"declared\":true,\"installed\":true,\"version\":\"9.4.2\",\"resolution\":\"/mnt/c/Users/NaguiHW/Desktop/myProjects/rent-a-car/functions/node_modules/firebase-admin/lib/index.js\"}"}}
[debug] [2020-12-17T06:49:40.734Z] [runtime-status] [18728] Resolved module firebase-functions {"declared":true,"installed":true,"version":"3.13.0","resolution":"/mnt/c/Users/NaguiHW/Desktop/myProjects/rent-a-car/functions/node_modules/firebase-functions/lib/index.js"} {"metadata":{"emulator":{"name":"functions"},"message":"[runtime-status] [18728] Resolved module firebase-functions {\"declared\":true,\"installed\":true,\"version\":\"3.13.0\",\"resolution\":\"/mnt/c/Users/NaguiHW/Desktop/myProjects/rent-a-car/functions/node_modules/firebase-functions/lib/index.js\"}"}}
[debug] [2020-12-17T06:49:40.734Z] [runtime-status] [18728] firebase-admin has been stubbed. {"adminResolution":{"declared":true,"installed":true,"version":"9.4.2","resolution":"/mnt/c/Users/NaguiHW/Desktop/myProjects/rent-a-car/functions/node_modules/firebase-admin/lib/index.js"}} {"metadata":{"emulator":{"name":"functions"},"message":"[runtime-status] [18728] firebase-admin has been stubbed. {\"adminResolution\":{\"declared\":true,\"installed\":true,\"version\":\"9.4.2\",\"resolution\":\"/mnt/c/Users/NaguiHW/Desktop/myProjects/rent-a-car/functions/node_modules/firebase-admin/lib/index.js\"}}"}}
[warn] ⚠  TypeError: Router.use() requires a middleware function but got a Object
    at Function.use (/mnt/c/Users/NaguiHW/Desktop/myProjects/rent-a-car/functions/node_modules/express/lib/router/index.js:458:13)
    at Function.<anonymous> (/mnt/c/Users/NaguiHW/Desktop/myProjects/rent-a-car/functions/node_modules/express/lib/application.js:220:21)
    at Array.forEach (<anonymous>)
    at Function.use (/mnt/c/Users/NaguiHW/Desktop/myProjects/rent-a-car/functions/node_modules/express/lib/application.js:217:7)
    at Object.<anonymous> (/mnt/c/Users/NaguiHW/Desktop/myProjects/rent-a-car/functions/index.js:33:5)
    at Module._compile (internal/modules/cjs/loader.js:999:30)
    at Object.Module._extensions..js (internal/modules/cjs/loader.js:1027:10)
    at Module.load (internal/modules/cjs/loader.js:863:32)
    at Function.Module._load (internal/modules/cjs/loader.js:708:14)
    at Module.require (internal/modules/cjs/loader.js:887:19)
    at require (internal/modules/cjs/helpers.js:74:18)
    at initializeRuntime (/usr/lib/node_modules/firebase-tools/lib/emulator/functionsEmulatorRuntime.js:674:29)
    at processTicksAndRejections (internal/process/task_queues.js:97:5)
    at async handleMessage (/usr/lib/node_modules/firebase-tools/lib/emulator/functionsEmulatorRuntime.js:712:20) {"metadata":{"emulator":{"name":"functions"},"message":"TypeError: Router.use() requires a middleware function but got a Object\n    at Function.use (/mnt/c/Users/NaguiHW/Desktop/myProjects/rent-a-car/functions/node_modules/express/lib/router/index.js:458:13)\n    at Function.<anonymous> (/mnt/c/Users/NaguiHW/Desktop/myProjects/rent-a-car/functions/node_modules/express/lib/application.js:220:21)\n    at Array.forEach (<anonymous>)\n    at Function.use (/mnt/c/Users/NaguiHW/Desktop/myProjects/rent-a-car/functions/node_modules/express/lib/application.js:217:7)\n    at Object.<anonymous> (/mnt/c/Users/NaguiHW/Desktop/myProjects/rent-a-car/functions/index.js:33:5)\n    at Module._compile (internal/modules/cjs/loader.js:999:30)\n    at Object.Module._extensions..js (internal/modules/cjs/loader.js:1027:10)\n    at Module.load (internal/modules/cjs/loader.js:863:32)\n    at Function.Module._load (internal/modules/cjs/loader.js:708:14)\n    at Module.require (internal/modules/cjs/loader.js:887:19)\n    at require (internal/modules/cjs/helpers.js:74:18)\n    at initializeRuntime (/usr/lib/node_modules/firebase-tools/lib/emulator/functionsEmulatorRuntime.js:674:29)\n    at processTicksAndRejections (internal/process/task_queues.js:97:5)\n    at async handleMessage (/usr/lib/node_modules/firebase-tools/lib/emulator/functionsEmulatorRuntime.js:712:20)"}}
[warn] ⚠  We were unable to load your functions code. (see above) {"metadata":{"emulator":{"name":"functions"}}}
[debug] [2020-12-17T06:49:41.710Z] [worker-~diagnostic~-14f33790-cbb3-441e-9bd9-b72238e5c5fd]: exited {"metadata":{"emulator":{"name":"functions"},"message":"[worker-~diagnostic~-14f33790-cbb3-441e-9bd9-b72238e5c5fd]: exited"}}
[debug] [2020-12-17T06:49:41.710Z] [worker-~diagnostic~-14f33790-cbb3-441e-9bd9-b72238e5c5fd]: FINISHED {"metadata":{"emulator":{"name":"functions"},"message":"[worker-~diagnostic~-14f33790-cbb3-441e-9bd9-b72238e5c5fd]: FINISHED"}}
[debug] [2020-12-17T06:51:59.612Z] File /mnt/c/Users/NaguiHW/Desktop/myProjects/rent-a-car/functions/routes/category.route.js changed, reloading triggers {"metadata":{"emulator":{"name":"functions"},"message":"File /mnt/c/Users/NaguiHW/Desktop/myProjects/rent-a-car/functions/routes/category.route.js changed, reloading triggers"}}
[debug] [2020-12-17T06:52:00.613Z] [worker-pool] Cleaned up workers for ~diagnostic~: 1 --> 0 {"metadata":{"emulator":{"name":"functions"},"message":"[worker-pool] Cleaned up workers for ~diagnostic~: 1 --> 0"}}
[debug] [2020-12-17T06:52:00.630Z] [worker-pool] addWorker(~diagnostic~) {"metadata":{"emulator":{"name":"functions"},"message":"[worker-pool] addWorker(~diagnostic~)"}}
[debug] [2020-12-17T06:52:00.631Z] [worker-pool] Adding worker with key ~diagnostic~, total=1 {"metadata":{"emulator":{"name":"functions"},"message":"[worker-pool] Adding worker with key ~diagnostic~, total=1"}}
[debug] [2020-12-17T06:52:00.631Z] [worker-pool] submitWork(triggerId=) {"metadata":{"emulator":{"name":"functions"},"message":"[worker-pool] submitWork(triggerId=)"}}
[debug] [2020-12-17T06:52:00.632Z] [worker-~diagnostic~-8fe2e17f-41cf-4eb3-9aa2-1e99e45f113f]: Assigning socketPath: /tmp/fire_emu_19018.sock {"metadata":{"emulator":{"name":"functions"},"message":"[worker-~diagnostic~-8fe2e17f-41cf-4eb3-9aa2-1e99e45f113f]: Assigning socketPath: /tmp/fire_emu_19018.sock"}}
[debug] [2020-12-17T06:52:00.632Z] [worker-~diagnostic~-8fe2e17f-41cf-4eb3-9aa2-1e99e45f113f]: BUSY {"metadata":{"emulator":{"name":"functions"},"message":"[worker-~diagnostic~-8fe2e17f-41cf-4eb3-9aa2-1e99e45f113f]: BUSY"}}
[debug] [2020-12-17T06:52:00.964Z] [runtime-status] [19018] Functions runtime initialized. {"cwd":"/mnt/c/Users/NaguiHW/Desktop/myProjects/rent-a-car/functions","node_version":"12.20.0"} {"metadata":{"emulator":{"name":"functions"},"message":"[runtime-status] [19018] Functions runtime initialized. {\"cwd\":\"/mnt/c/Users/NaguiHW/Desktop/myProjects/rent-a-car/functions\",\"node_version\":\"12.20.0\"}"}}
[debug] [2020-12-17T06:52:00.967Z] [runtime-status] [19018] Disabled runtime features: undefined {"metadata":{"emulator":{"name":"functions"},"message":"[runtime-status] [19018] Disabled runtime features: undefined"}}
[debug] [2020-12-17T06:52:00.971Z] [runtime-status] [19018] Resolved module firebase-admin {"declared":true,"installed":true,"version":"9.4.2","resolution":"/mnt/c/Users/NaguiHW/Desktop/myProjects/rent-a-car/functions/node_modules/firebase-admin/lib/index.js"} {"metadata":{"emulator":{"name":"functions"},"message":"[runtime-status] [19018] Resolved module firebase-admin {\"declared\":true,\"installed\":true,\"version\":\"9.4.2\",\"resolution\":\"/mnt/c/Users/NaguiHW/Desktop/myProjects/rent-a-car/functions/node_modules/firebase-admin/lib/index.js\"}"}}
[debug] [2020-12-17T06:52:00.975Z] [runtime-status] [19018] Resolved module firebase-functions {"declared":true,"installed":true,"version":"3.13.0","resolution":"/mnt/c/Users/NaguiHW/Desktop/myProjects/rent-a-car/functions/node_modules/firebase-functions/lib/index.js"} {"metadata":{"emulator":{"name":"functions"},"message":"[runtime-status] [19018] Resolved module firebase-functions {\"declared\":true,\"installed\":true,\"version\":\"3.13.0\",\"resolution\":\"/mnt/c/Users/NaguiHW/Desktop/myProjects/rent-a-car/functions/node_modules/firebase-functions/lib/index.js\"}"}}
[debug] [2020-12-17T06:52:00.982Z] [runtime-status] [19018] Resolved module firebase-functions {"declared":true,"installed":true,"version":"3.13.0","resolution":"/mnt/c/Users/NaguiHW/Desktop/myProjects/rent-a-car/functions/node_modules/firebase-functions/lib/index.js"} {"metadata":{"emulator":{"name":"functions"},"message":"[runtime-status] [19018] Resolved module firebase-functions {\"declared\":true,\"installed\":true,\"version\":\"3.13.0\",\"resolution\":\"/mnt/c/Users/NaguiHW/Desktop/myProjects/rent-a-car/functions/node_modules/firebase-functions/lib/index.js\"}"}}
[debug] [2020-12-17T06:52:00.983Z] [runtime-status] [19018] Outgoing network have been stubbed. [{"name":"http","status":"mocked"},{"name":"http","status":"mocked"},{"name":"https","status":"mocked"},{"name":"https","status":"mocked"},{"name":"net","status":"mocked"}] {"metadata":{"emulator":{"name":"functions"},"message":"[runtime-status] [19018] Outgoing network have been stubbed. [{\"name\":\"http\",\"status\":\"mocked\"},{\"name\":\"http\",\"status\":\"mocked\"},{\"name\":\"https\",\"status\":\"mocked\"},{\"name\":\"https\",\"status\":\"mocked\"},{\"name\":\"net\",\"status\":\"mocked\"}]"}}
[debug] [2020-12-17T06:52:00.983Z] [runtime-status] [19018] Resolved module firebase-functions {"declared":true,"installed":true,"version":"3.13.0","resolution":"/mnt/c/Users/NaguiHW/Desktop/myProjects/rent-a-car/functions/node_modules/firebase-functions/lib/index.js"} {"metadata":{"emulator":{"name":"functions"},"message":"[runtime-status] [19018] Resolved module firebase-functions {\"declared\":true,\"installed\":true,\"version\":\"3.13.0\",\"resolution\":\"/mnt/c/Users/NaguiHW/Desktop/myProjects/rent-a-car/functions/node_modules/firebase-functions/lib/index.js\"}"}}
[debug] [2020-12-17T06:52:01.137Z] [runtime-status] [19018] Checked functions.config() {"config":{}} {"metadata":{"emulator":{"name":"functions"},"message":"[runtime-status] [19018] Checked functions.config() {\"config\":{}}"}}
[debug] [2020-12-17T06:52:01.139Z] [runtime-status] [19018] firebase-functions has been stubbed. {"functionsResolution":{"declared":true,"installed":true,"version":"3.13.0","resolution":"/mnt/c/Users/NaguiHW/Desktop/myProjects/rent-a-car/functions/node_modules/firebase-functions/lib/index.js"}} {"metadata":{"emulator":{"name":"functions"},"message":"[runtime-status] [19018] firebase-functions has been stubbed. {\"functionsResolution\":{\"declared\":true,\"installed\":true,\"version\":\"3.13.0\",\"resolution\":\"/mnt/c/Users/NaguiHW/Desktop/myProjects/rent-a-car/functions/node_modules/firebase-functions/lib/index.js\"}}"}}
[debug] [2020-12-17T06:52:01.139Z] [runtime-status] [19018] Resolved module firebase-functions {"declared":true,"installed":true,"version":"3.13.0","resolution":"/mnt/c/Users/NaguiHW/Desktop/myProjects/rent-a-car/functions/node_modules/firebase-functions/lib/index.js"} {"metadata":{"emulator":{"name":"functions"},"message":"[runtime-status] [19018] Resolved module firebase-functions {\"declared\":true,\"installed\":true,\"version\":\"3.13.0\",\"resolution\":\"/mnt/c/Users/NaguiHW/Desktop/myProjects/rent-a-car/functions/node_modules/firebase-functions/lib/index.js\"}"}}
[debug] [2020-12-17T06:52:01.139Z] [runtime-status] [19018] Resolved module firebase-admin {"declared":true,"installed":true,"version":"9.4.2","resolution":"/mnt/c/Users/NaguiHW/Desktop/myProjects/rent-a-car/functions/node_modules/firebase-admin/lib/index.js"} {"metadata":{"emulator":{"name":"functions"},"message":"[runtime-status] [19018] Resolved module firebase-admin {\"declared\":true,\"installed\":true,\"version\":\"9.4.2\",\"resolution\":\"/mnt/c/Users/NaguiHW/Desktop/myProjects/rent-a-car/functions/node_modules/firebase-admin/lib/index.js\"}"}}
[debug] [2020-12-17T06:52:01.140Z] [runtime-status] [19018] Resolved module firebase-functions {"declared":true,"installed":true,"version":"3.13.0","resolution":"/mnt/c/Users/NaguiHW/Desktop/myProjects/rent-a-car/functions/node_modules/firebase-functions/lib/index.js"} {"metadata":{"emulator":{"name":"functions"},"message":"[runtime-status] [19018] Resolved module firebase-functions {\"declared\":true,\"installed\":true,\"version\":\"3.13.0\",\"resolution\":\"/mnt/c/Users/NaguiHW/Desktop/myProjects/rent-a-car/functions/node_modules/firebase-functions/lib/index.js\"}"}}
[debug] [2020-12-17T06:52:01.140Z] [runtime-status] [19018] firebase-admin has been stubbed. {"adminResolution":{"declared":true,"installed":true,"version":"9.4.2","resolution":"/mnt/c/Users/NaguiHW/Desktop/myProjects/rent-a-car/functions/node_modules/firebase-admin/lib/index.js"}} {"metadata":{"emulator":{"name":"functions"},"message":"[runtime-status] [19018] firebase-admin has been stubbed. {\"adminResolution\":{\"declared\":true,\"installed\":true,\"version\":\"9.4.2\",\"resolution\":\"/mnt/c/Users/NaguiHW/Desktop/myProjects/rent-a-car/functions/node_modules/firebase-admin/lib/index.js\"}}"}}
[warn] ⚠  Error: Route.post() requires a callback function but got a [object Undefined]
    at Route.<computed> [as post] (/mnt/c/Users/NaguiHW/Desktop/myProjects/rent-a-car/functions/node_modules/express/lib/router/route.js:202:15)
    at Function.proto.<computed> [as post] (/mnt/c/Users/NaguiHW/Desktop/myProjects/rent-a-car/functions/node_modules/express/lib/router/index.js:510:19)
    at Object.<anonymous> (/mnt/c/Users/NaguiHW/Desktop/myProjects/rent-a-car/functions/routes/category.route.js:7:8)
    at Module._compile (internal/modules/cjs/loader.js:999:30)
    at Object.Module._extensions..js (internal/modules/cjs/loader.js:1027:10)
    at Module.load (internal/modules/cjs/loader.js:863:32)
    at Function.Module._load (internal/modules/cjs/loader.js:708:14)
    at Module.require (internal/modules/cjs/loader.js:887:19)
    at require (internal/modules/cjs/helpers.js:74:18)
    at Object.<anonymous> (/mnt/c/Users/NaguiHW/Desktop/myProjects/rent-a-car/functions/index.js:33:17)
    at Module._compile (internal/modules/cjs/loader.js:999:30)
    at Object.Module._extensions..js (internal/modules/cjs/loader.js:1027:10)
    at Module.load (internal/modules/cjs/loader.js:863:32)
    at Function.Module._load (internal/modules/cjs/loader.js:708:14)
    at Module.require (internal/modules/cjs/loader.js:887:19)
    at require (internal/modules/cjs/helpers.js:74:18) {"metadata":{"emulator":{"name":"functions"},"message":"Error: Route.post() requires a callback function but got a [object Undefined]\n    at Route.<computed> [as post] (/mnt/c/Users/NaguiHW/Desktop/myProjects/rent-a-car/functions/node_modules/express/lib/router/route.js:202:15)\n    at Function.proto.<computed> [as post] (/mnt/c/Users/NaguiHW/Desktop/myProjects/rent-a-car/functions/node_modules/express/lib/router/index.js:510:19)\n    at Object.<anonymous> (/mnt/c/Users/NaguiHW/Desktop/myProjects/rent-a-car/functions/routes/category.route.js:7:8)\n    at Module._compile (internal/modules/cjs/loader.js:999:30)\n    at Object.Module._extensions..js (internal/modules/cjs/loader.js:1027:10)\n    at Module.load (internal/modules/cjs/loader.js:863:32)\n    at Function.Module._load (internal/modules/cjs/loader.js:708:14)\n    at Module.require (internal/modules/cjs/loader.js:887:19)\n    at require (internal/modules/cjs/helpers.js:74:18)\n    at Object.<anonymous> (/mnt/c/Users/NaguiHW/Desktop/myProjects/rent-a-car/functions/index.js:33:17)\n    at Module._compile (internal/modules/cjs/loader.js:999:30)\n    at Object.Module._extensions..js (internal/modules/cjs/loader.js:1027:10)\n    at Module.load (internal/modules/cjs/loader.js:863:32)\n    at Function.Module._load (internal/modules/cjs/loader.js:708:14)\n    at Module.require (internal/modules/cjs/loader.js:887:19)\n    at require (internal/modules/cjs/helpers.js:74:18)"}}
[warn] ⚠  We were unable to load your functions code. (see above) {"metadata":{"emulator":{"name":"functions"}}}
[debug] [2020-12-17T06:52:02.234Z] [worker-~diagnostic~-8fe2e17f-41cf-4eb3-9aa2-1e99e45f113f]: exited {"metadata":{"emulator":{"name":"functions"},"message":"[worker-~diagnostic~-8fe2e17f-41cf-4eb3-9aa2-1e99e45f113f]: exited"}}
[debug] [2020-12-17T06:52:02.235Z] [worker-~diagnostic~-8fe2e17f-41cf-4eb3-9aa2-1e99e45f113f]: FINISHED {"metadata":{"emulator":{"name":"functions"},"message":"[worker-~diagnostic~-8fe2e17f-41cf-4eb3-9aa2-1e99e45f113f]: FINISHED"}}
[debug] [2020-12-17T06:52:52.521Z] File /mnt/c/Users/NaguiHW/Desktop/myProjects/rent-a-car/functions/controllers/category.controllers.js changed, reloading triggers {"metadata":{"emulator":{"name":"functions"},"message":"File /mnt/c/Users/NaguiHW/Desktop/myProjects/rent-a-car/functions/controllers/category.controllers.js changed, reloading triggers"}}
[debug] [2020-12-17T06:52:53.522Z] [worker-pool] Cleaned up workers for ~diagnostic~: 1 --> 0 {"metadata":{"emulator":{"name":"functions"},"message":"[worker-pool] Cleaned up workers for ~diagnostic~: 1 --> 0"}}
[debug] [2020-12-17T06:52:53.546Z] [worker-pool] addWorker(~diagnostic~) {"metadata":{"emulator":{"name":"functions"},"message":"[worker-pool] addWorker(~diagnostic~)"}}
[debug] [2020-12-17T06:52:53.547Z] [worker-pool] Adding worker with key ~diagnostic~, total=1 {"metadata":{"emulator":{"name":"functions"},"message":"[worker-pool] Adding worker with key ~diagnostic~, total=1"}}
[debug] [2020-12-17T06:52:53.547Z] [worker-pool] submitWork(triggerId=) {"metadata":{"emulator":{"name":"functions"},"message":"[worker-pool] submitWork(triggerId=)"}}
[debug] [2020-12-17T06:52:53.547Z] [worker-~diagnostic~-ab0f6c89-bde4-42ad-975b-501cd40ed6fc]: Assigning socketPath: /tmp/fire_emu_19132.sock {"metadata":{"emulator":{"name":"functions"},"message":"[worker-~diagnostic~-ab0f6c89-bde4-42ad-975b-501cd40ed6fc]: Assigning socketPath: /tmp/fire_emu_19132.sock"}}
[debug] [2020-12-17T06:52:53.547Z] [worker-~diagnostic~-ab0f6c89-bde4-42ad-975b-501cd40ed6fc]: BUSY {"metadata":{"emulator":{"name":"functions"},"message":"[worker-~diagnostic~-ab0f6c89-bde4-42ad-975b-501cd40ed6fc]: BUSY"}}
[debug] [2020-12-17T06:52:53.748Z] [runtime-status] [19132] Functions runtime initialized. {"cwd":"/mnt/c/Users/NaguiHW/Desktop/myProjects/rent-a-car/functions","node_version":"12.20.0"} {"metadata":{"emulator":{"name":"functions"},"message":"[runtime-status] [19132] Functions runtime initialized. {\"cwd\":\"/mnt/c/Users/NaguiHW/Desktop/myProjects/rent-a-car/functions\",\"node_version\":\"12.20.0\"}"}}
[debug] [2020-12-17T06:52:53.750Z] [runtime-status] [19132] Disabled runtime features: undefined {"metadata":{"emulator":{"name":"functions"},"message":"[runtime-status] [19132] Disabled runtime features: undefined"}}
[debug] [2020-12-17T06:52:53.754Z] [runtime-status] [19132] Resolved module firebase-admin {"declared":true,"installed":true,"version":"9.4.2","resolution":"/mnt/c/Users/NaguiHW/Desktop/myProjects/rent-a-car/functions/node_modules/firebase-admin/lib/index.js"} {"metadata":{"emulator":{"name":"functions"},"message":"[runtime-status] [19132] Resolved module firebase-admin {\"declared\":true,\"installed\":true,\"version\":\"9.4.2\",\"resolution\":\"/mnt/c/Users/NaguiHW/Desktop/myProjects/rent-a-car/functions/node_modules/firebase-admin/lib/index.js\"}"}}
[debug] [2020-12-17T06:52:53.756Z] [runtime-status] [19132] Resolved module firebase-functions {"declared":true,"installed":true,"version":"3.13.0","resolution":"/mnt/c/Users/NaguiHW/Desktop/myProjects/rent-a-car/functions/node_modules/firebase-functions/lib/index.js"} {"metadata":{"emulator":{"name":"functions"},"message":"[runtime-status] [19132] Resolved module firebase-functions {\"declared\":true,\"installed\":true,\"version\":\"3.13.0\",\"resolution\":\"/mnt/c/Users/NaguiHW/Desktop/myProjects/rent-a-car/functions/node_modules/firebase-functions/lib/index.js\"}"}}
[debug] [2020-12-17T06:52:53.757Z] [runtime-status] [19132] Resolved module firebase-functions {"declared":true,"installed":true,"version":"3.13.0","resolution":"/mnt/c/Users/NaguiHW/Desktop/myProjects/rent-a-car/functions/node_modules/firebase-functions/lib/index.js"} {"metadata":{"emulator":{"name":"functions"},"message":"[runtime-status] [19132] Resolved module firebase-functions {\"declared\":true,\"installed\":true,\"version\":\"3.13.0\",\"resolution\":\"/mnt/c/Users/NaguiHW/Desktop/myProjects/rent-a-car/functions/node_modules/firebase-functions/lib/index.js\"}"}}
[debug] [2020-12-17T06:52:53.758Z] [runtime-status] [19132] Outgoing network have been stubbed. [{"name":"http","status":"mocked"},{"name":"http","status":"mocked"},{"name":"https","status":"mocked"},{"name":"https","status":"mocked"},{"name":"net","status":"mocked"}] {"metadata":{"emulator":{"name":"functions"},"message":"[runtime-status] [19132] Outgoing network have been stubbed. [{\"name\":\"http\",\"status\":\"mocked\"},{\"name\":\"http\",\"status\":\"mocked\"},{\"name\":\"https\",\"status\":\"mocked\"},{\"name\":\"https\",\"status\":\"mocked\"},{\"name\":\"net\",\"status\":\"mocked\"}]"}}
[debug] [2020-12-17T06:52:53.759Z] [runtime-status] [19132] Resolved module firebase-functions {"declared":true,"installed":true,"version":"3.13.0","resolution":"/mnt/c/Users/NaguiHW/Desktop/myProjects/rent-a-car/functions/node_modules/firebase-functions/lib/index.js"} {"metadata":{"emulator":{"name":"functions"},"message":"[runtime-status] [19132] Resolved module firebase-functions {\"declared\":true,\"installed\":true,\"version\":\"3.13.0\",\"resolution\":\"/mnt/c/Users/NaguiHW/Desktop/myProjects/rent-a-car/functions/node_modules/firebase-functions/lib/index.js\"}"}}
[debug] [2020-12-17T06:52:53.863Z] [runtime-status] [19132] Checked functions.config() {"config":{}} {"metadata":{"emulator":{"name":"functions"},"message":"[runtime-status] [19132] Checked functions.config() {\"config\":{}}"}}
[debug] [2020-12-17T06:52:53.863Z] [runtime-status] [19132] firebase-functions has been stubbed. {"functionsResolution":{"declared":true,"installed":true,"version":"3.13.0","resolution":"/mnt/c/Users/NaguiHW/Desktop/myProjects/rent-a-car/functions/node_modules/firebase-functions/lib/index.js"}} {"metadata":{"emulator":{"name":"functions"},"message":"[runtime-status] [19132] firebase-functions has been stubbed. {\"functionsResolution\":{\"declared\":true,\"installed\":true,\"version\":\"3.13.0\",\"resolution\":\"/mnt/c/Users/NaguiHW/Desktop/myProjects/rent-a-car/functions/node_modules/firebase-functions/lib/index.js\"}}"}}
[debug] [2020-12-17T06:52:53.864Z] [runtime-status] [19132] Resolved module firebase-functions {"declared":true,"installed":true,"version":"3.13.0","resolution":"/mnt/c/Users/NaguiHW/Desktop/myProjects/rent-a-car/functions/node_modules/firebase-functions/lib/index.js"} {"metadata":{"emulator":{"name":"functions"},"message":"[runtime-status] [19132] Resolved module firebase-functions {\"declared\":true,\"installed\":true,\"version\":\"3.13.0\",\"resolution\":\"/mnt/c/Users/NaguiHW/Desktop/myProjects/rent-a-car/functions/node_modules/firebase-functions/lib/index.js\"}"}}
[debug] [2020-12-17T06:52:53.865Z] [runtime-status] [19132] Resolved module firebase-admin {"declared":true,"installed":true,"version":"9.4.2","resolution":"/mnt/c/Users/NaguiHW/Desktop/myProjects/rent-a-car/functions/node_modules/firebase-admin/lib/index.js"} {"metadata":{"emulator":{"name":"functions"},"message":"[runtime-status] [19132] Resolved module firebase-admin {\"declared\":true,\"installed\":true,\"version\":\"9.4.2\",\"resolution\":\"/mnt/c/Users/NaguiHW/Desktop/myProjects/rent-a-car/functions/node_modules/firebase-admin/lib/index.js\"}"}}
[debug] [2020-12-17T06:52:53.866Z] [runtime-status] [19132] Resolved module firebase-functions {"declared":true,"installed":true,"version":"3.13.0","resolution":"/mnt/c/Users/NaguiHW/Desktop/myProjects/rent-a-car/functions/node_modules/firebase-functions/lib/index.js"} {"metadata":{"emulator":{"name":"functions"},"message":"[runtime-status] [19132] Resolved module firebase-functions {\"declared\":true,\"installed\":true,\"version\":\"3.13.0\",\"resolution\":\"/mnt/c/Users/NaguiHW/Desktop/myProjects/rent-a-car/functions/node_modules/firebase-functions/lib/index.js\"}"}}
[debug] [2020-12-17T06:52:53.866Z] [runtime-status] [19132] firebase-admin has been stubbed. {"adminResolution":{"declared":true,"installed":true,"version":"9.4.2","resolution":"/mnt/c/Users/NaguiHW/Desktop/myProjects/rent-a-car/functions/node_modules/firebase-admin/lib/index.js"}} {"metadata":{"emulator":{"name":"functions"},"message":"[runtime-status] [19132] firebase-admin has been stubbed. {\"adminResolution\":{\"declared\":true,\"installed\":true,\"version\":\"9.4.2\",\"resolution\":\"/mnt/c/Users/NaguiHW/Desktop/myProjects/rent-a-car/functions/node_modules/firebase-admin/lib/index.js\"}}"}}
[info] ✔  functions[api]: http function initialized (http://127.0.0.1:5001/rent-a-car-b5d57/us-central1/api). {"metadata":{"emulator":{"name":"functions"},"message":"\u001b[1mhttp\u001b[22m function initialized (http://127.0.0.1:5001/rent-a-car-b5d57/us-central1/api)."}}
[debug] [2020-12-17T06:52:54.660Z] [worker-~diagnostic~-ab0f6c89-bde4-42ad-975b-501cd40ed6fc]: IDLE {"metadata":{"emulator":{"name":"functions"},"message":"[worker-~diagnostic~-ab0f6c89-bde4-42ad-975b-501cd40ed6fc]: IDLE"}}
[info] >  DB Connected {"user":"DB Connected","metadata":{"emulator":{"name":"functions"},"message":"\u001b[90m> \u001b[39m DB Connected"}}
[debug] [2020-12-17T06:53:20.030Z] [work-queue] {"queueLength":1,"workRunningCount":0}
[debug] [2020-12-17T06:53:20.039Z] [work-queue] {"queueLength":0,"workRunningCount":1}
[debug] [2020-12-17T06:53:20.041Z] Accepted request GET /rent-a-car-b5d57/us-central1/api --> api
[debug] [2020-12-17T06:53:20.086Z] [worker-pool] addWorker(api) {"metadata":{"emulator":{"name":"functions"},"message":"[worker-pool] addWorker(api)"}}
[debug] [2020-12-17T06:53:20.094Z] [worker-pool] Adding worker with key api, total=1 {"metadata":{"emulator":{"name":"functions"},"message":"[worker-pool] Adding worker with key api, total=1"}}
[debug] [2020-12-17T06:53:20.094Z] [worker-pool] submitWork(triggerId=api) {"metadata":{"emulator":{"name":"functions"},"message":"[worker-pool] submitWork(triggerId=api)"}}
[debug] [2020-12-17T06:53:20.094Z] [worker-api-b7bb235c-7bd4-4b76-8abb-04357c900f85]: Assigning socketPath: /tmp/fire_emu_19189.sock {"metadata":{"emulator":{"name":"functions"},"message":"[worker-api-b7bb235c-7bd4-4b76-8abb-04357c900f85]: Assigning socketPath: /tmp/fire_emu_19189.sock"}}
[debug] [2020-12-17T06:53:20.094Z] [worker-api-b7bb235c-7bd4-4b76-8abb-04357c900f85]: BUSY {"metadata":{"emulator":{"name":"functions"},"message":"[worker-api-b7bb235c-7bd4-4b76-8abb-04357c900f85]: BUSY"}}
[debug] [2020-12-17T06:53:20.405Z] [runtime-status] [19189] Functions runtime initialized. {"cwd":"/mnt/c/Users/NaguiHW/Desktop/myProjects/rent-a-car/functions","node_version":"12.20.0"} {"metadata":{"emulator":{"name":"functions"},"function":{"name":"api"},"message":"[runtime-status] [19189] Functions runtime initialized. {\"cwd\":\"/mnt/c/Users/NaguiHW/Desktop/myProjects/rent-a-car/functions\",\"node_version\":\"12.20.0\"}"}}
[debug] [2020-12-17T06:53:20.407Z] [runtime-status] [19189] Disabled runtime features: undefined {"metadata":{"emulator":{"name":"functions"},"function":{"name":"api"},"message":"[runtime-status] [19189] Disabled runtime features: undefined"}}
[debug] [2020-12-17T06:53:20.410Z] [runtime-status] [19189] Resolved module firebase-admin {"declared":true,"installed":true,"version":"9.4.2","resolution":"/mnt/c/Users/NaguiHW/Desktop/myProjects/rent-a-car/functions/node_modules/firebase-admin/lib/index.js"} {"metadata":{"emulator":{"name":"functions"},"function":{"name":"api"},"message":"[runtime-status] [19189] Resolved module firebase-admin {\"declared\":true,\"installed\":true,\"version\":\"9.4.2\",\"resolution\":\"/mnt/c/Users/NaguiHW/Desktop/myProjects/rent-a-car/functions/node_modules/firebase-admin/lib/index.js\"}"}}
[debug] [2020-12-17T06:53:20.412Z] [runtime-status] [19189] Resolved module firebase-functions {"declared":true,"installed":true,"version":"3.13.0","resolution":"/mnt/c/Users/NaguiHW/Desktop/myProjects/rent-a-car/functions/node_modules/firebase-functions/lib/index.js"} {"metadata":{"emulator":{"name":"functions"},"function":{"name":"api"},"message":"[runtime-status] [19189] Resolved module firebase-functions {\"declared\":true,\"installed\":true,\"version\":\"3.13.0\",\"resolution\":\"/mnt/c/Users/NaguiHW/Desktop/myProjects/rent-a-car/functions/node_modules/firebase-functions/lib/index.js\"}"}}
[debug] [2020-12-17T06:53:20.414Z] [runtime-status] [19189] Resolved module firebase-functions {"declared":true,"installed":true,"version":"3.13.0","resolution":"/mnt/c/Users/NaguiHW/Desktop/myProjects/rent-a-car/functions/node_modules/firebase-functions/lib/index.js"} {"metadata":{"emulator":{"name":"functions"},"function":{"name":"api"},"message":"[runtime-status] [19189] Resolved module firebase-functions {\"declared\":true,\"installed\":true,\"version\":\"3.13.0\",\"resolution\":\"/mnt/c/Users/NaguiHW/Desktop/myProjects/rent-a-car/functions/node_modules/firebase-functions/lib/index.js\"}"}}
[debug] [2020-12-17T06:53:20.420Z] [runtime-status] [19189] Outgoing network have been stubbed. [{"name":"http","status":"mocked"},{"name":"http","status":"mocked"},{"name":"https","status":"mocked"},{"name":"https","status":"mocked"},{"name":"net","status":"mocked"}] {"metadata":{"emulator":{"name":"functions"},"function":{"name":"api"},"message":"[runtime-status] [19189] Outgoing network have been stubbed. [{\"name\":\"http\",\"status\":\"mocked\"},{\"name\":\"http\",\"status\":\"mocked\"},{\"name\":\"https\",\"status\":\"mocked\"},{\"name\":\"https\",\"status\":\"mocked\"},{\"name\":\"net\",\"status\":\"mocked\"}]"}}
[debug] [2020-12-17T06:53:20.421Z] [runtime-status] [19189] Resolved module firebase-functions {"declared":true,"installed":true,"version":"3.13.0","resolution":"/mnt/c/Users/NaguiHW/Desktop/myProjects/rent-a-car/functions/node_modules/firebase-functions/lib/index.js"} {"metadata":{"emulator":{"name":"functions"},"function":{"name":"api"},"message":"[runtime-status] [19189] Resolved module firebase-functions {\"declared\":true,\"installed\":true,\"version\":\"3.13.0\",\"resolution\":\"/mnt/c/Users/NaguiHW/Desktop/myProjects/rent-a-car/functions/node_modules/firebase-functions/lib/index.js\"}"}}
[debug] [2020-12-17T06:53:20.489Z] [runtime-status] [19189] Checked functions.config() {"config":{}} {"metadata":{"emulator":{"name":"functions"},"function":{"name":"api"},"message":"[runtime-status] [19189] Checked functions.config() {\"config\":{}}"}}
[debug] [2020-12-17T06:53:20.489Z] [runtime-status] [19189] firebase-functions has been stubbed. {"functionsResolution":{"declared":true,"installed":true,"version":"3.13.0","resolution":"/mnt/c/Users/NaguiHW/Desktop/myProjects/rent-a-car/functions/node_modules/firebase-functions/lib/index.js"}} {"metadata":{"emulator":{"name":"functions"},"function":{"name":"api"},"message":"[runtime-status] [19189] firebase-functions has been stubbed. {\"functionsResolution\":{\"declared\":true,\"installed\":true,\"version\":\"3.13.0\",\"resolution\":\"/mnt/c/Users/NaguiHW/Desktop/myProjects/rent-a-car/functions/node_modules/firebase-functions/lib/index.js\"}}"}}
[debug] [2020-12-17T06:53:20.490Z] [runtime-status] [19189] Resolved module firebase-functions {"declared":true,"installed":true,"version":"3.13.0","resolution":"/mnt/c/Users/NaguiHW/Desktop/myProjects/rent-a-car/functions/node_modules/firebase-functions/lib/index.js"} {"metadata":{"emulator":{"name":"functions"},"function":{"name":"api"},"message":"[runtime-status] [19189] Resolved module firebase-functions {\"declared\":true,\"installed\":true,\"version\":\"3.13.0\",\"resolution\":\"/mnt/c/Users/NaguiHW/Desktop/myProjects/rent-a-car/functions/node_modules/firebase-functions/lib/index.js\"}"}}
[debug] [2020-12-17T06:53:20.492Z] [runtime-status] [19189] Resolved module firebase-admin {"declared":true,"installed":true,"version":"9.4.2","resolution":"/mnt/c/Users/NaguiHW/Desktop/myProjects/rent-a-car/functions/node_modules/firebase-admin/lib/index.js"} {"metadata":{"emulator":{"name":"functions"},"function":{"name":"api"},"message":"[runtime-status] [19189] Resolved module firebase-admin {\"declared\":true,\"installed\":true,\"version\":\"9.4.2\",\"resolution\":\"/mnt/c/Users/NaguiHW/Desktop/myProjects/rent-a-car/functions/node_modules/firebase-admin/lib/index.js\"}"}}
[debug] [2020-12-17T06:53:20.493Z] [runtime-status] [19189] Resolved module firebase-functions {"declared":true,"installed":true,"version":"3.13.0","resolution":"/mnt/c/Users/NaguiHW/Desktop/myProjects/rent-a-car/functions/node_modules/firebase-functions/lib/index.js"} {"metadata":{"emulator":{"name":"functions"},"function":{"name":"api"},"message":"[runtime-status] [19189] Resolved module firebase-functions {\"declared\":true,\"installed\":true,\"version\":\"3.13.0\",\"resolution\":\"/mnt/c/Users/NaguiHW/Desktop/myProjects/rent-a-car/functions/node_modules/firebase-functions/lib/index.js\"}"}}
[debug] [2020-12-17T06:53:20.493Z] [runtime-status] [19189] firebase-admin has been stubbed. {"adminResolution":{"declared":true,"installed":true,"version":"9.4.2","resolution":"/mnt/c/Users/NaguiHW/Desktop/myProjects/rent-a-car/functions/node_modules/firebase-admin/lib/index.js"}} {"metadata":{"emulator":{"name":"functions"},"function":{"name":"api"},"message":"[runtime-status] [19189] firebase-admin has been stubbed. {\"adminResolution\":{\"declared\":true,\"installed\":true,\"version\":\"9.4.2\",\"resolution\":\"/mnt/c/Users/NaguiHW/Desktop/myProjects/rent-a-car/functions/node_modules/firebase-admin/lib/index.js\"}}"}}
[debug] [2020-12-17T06:53:21.291Z] [runtime-status] [19189] Trigger "api" has been found, beginning invocation! {"metadata":{"emulator":{"name":"functions"},"function":{"name":"api"},"message":"[runtime-status] [19189] Trigger \"api\" has been found, beginning invocation!"}}
[info] i  functions: Beginning execution of "api" {"metadata":{"emulator":{"name":"functions"},"function":{"name":"api"},"message":"Beginning execution of \"api\""}}
[debug] [2020-12-17T06:53:21.292Z] [runtime-status] [19189] triggerDefinition {"httpsTrigger":{},"name":"api","entryPoint":"api"} {"metadata":{"emulator":{"name":"functions"},"function":{"name":"api"},"message":"[runtime-status] [19189] triggerDefinition {\"httpsTrigger\":{},\"name\":\"api\",\"entryPoint\":\"api\"}"}}
[debug] [2020-12-17T06:53:21.292Z] [runtime-status] [19189] Running api in mode HTTPS {"metadata":{"emulator":{"name":"functions"},"function":{"name":"api"},"message":"[runtime-status] [19189] Running api in mode HTTPS"}}
[debug] [2020-12-17T06:53:21.296Z] [runtime-status] [19189] Attempting to listen to socketPath: /tmp/fire_emu_19189.sock {"metadata":{"emulator":{"name":"functions"},"function":{"name":"api"},"message":"[runtime-status] [19189] Attempting to listen to socketPath: /tmp/fire_emu_19189.sock"}}
[debug] [2020-12-17T06:53:21.302Z] [functions] Runtime ready! Sending request! {"metadata":{"emulator":{"name":"functions"},"message":"[functions] Runtime ready! Sending request!"}}
[debug] [2020-12-17T06:53:21.310Z] [runtime-status] [19189] Ephemeral server handling GET request {"metadata":{"emulator":{"name":"functions"},"function":{"name":"api"},"message":"[runtime-status] [19189] Ephemeral server handling GET request"}}
[info] >  GET /rent-a-car-b5d57/us-central1/api 404 2.728 ms - 27 {"user":"\u001b[0mGET /rent-a-car-b5d57/us-central1/api \u001b[33m404\u001b[0m 2.728 ms - 27\u001b[0m","metadata":{"emulator":{"name":"functions"},"function":{"name":"api"},"message":"\u001b[90m> \u001b[39m \u001b[0mGET /rent-a-car-b5d57/us-central1/api \u001b[33m404\u001b[0m 2.728 ms - 27\u001b[0m"}}
[debug] [2020-12-17T06:53:21.321Z] [runtime-status] [19189] Ephemeral server survived. {"metadata":{"emulator":{"name":"functions"},"function":{"name":"api"},"message":"[runtime-status] [19189] Ephemeral server survived."}}
[info] i  functions: Finished "api" in ~1s {"metadata":{"emulator":{"name":"functions"},"function":{"name":"api"},"message":"Finished \"api\" in ~1s"}}
[debug] [2020-12-17T06:53:21.324Z] [worker-api-b7bb235c-7bd4-4b76-8abb-04357c900f85]: IDLE {"metadata":{"emulator":{"name":"functions"},"message":"[worker-api-b7bb235c-7bd4-4b76-8abb-04357c900f85]: IDLE"}}
[debug] [2020-12-17T06:53:21.324Z] [work-queue] {"queueLength":0,"workRunningCount":0}
[info] >  DB Connected {"user":"DB Connected","metadata":{"emulator":{"name":"functions"},"function":{"name":"api"},"message":"\u001b[90m> \u001b[39m DB Connected"}}
